[ 2016-07-13T08:16:33+08:00 ] 127.0.0.1 /User/checkLogin
INFO: [ app_begin ] --START--
INFO: Run Behavior\ReadHtmlCacheBehavior [ RunTime:0.001015s ]
INFO: [ app_begin ] --END-- [ RunTime:0.001854s ]
SQL: SHOW COLUMNS FROM `customerinfo` [ RunTime:0.0145s ]
SQL: SELECT `Email`,`NickName`,`State`,`TrueName` FROM `customerinfo` WHERE ( Email='874847721@qq.com' && UserPwd = '123' && DelFlag = 0 )  [ RunTime:0.0003s ]
NOTIC: [8] Undefined index: State G:\MyPHPWeb\TpProject\Application\Book\Home\Controller\UserController.class.php 第 68 行.
INFO: [ app_end ] --START--
INFO: Run Behavior\ShowPageTraceBehavior [ RunTime:0.000831s ]
INFO: [ app_end ] --END-- [ RunTime:0.000888s ]

[ 2016-07-13T08:18:07+08:00 ] 127.0.0.1 /User/sendEmailCode
INFO: [ app_begin ] --START--
INFO: Run Behavior\ReadHtmlCacheBehavior [ RunTime:0.000694s ]
INFO: [ app_begin ] --END-- [ RunTime:0.001364s ]
NOTIC: [8192] Function ereg() is deprecated G:\MyPHPWeb\TpProject\Application\Book\Common\Common\Smtp.class.php 第 256 行.
NOTIC: [8192] Function ereg_replace() is deprecated G:\MyPHPWeb\TpProject\Application\Book\Common\Common\Smtp.class.php 第 264 行.
NOTIC: [8192] Function ereg_replace() is deprecated G:\MyPHPWeb\TpProject\Application\Book\Common\Common\Smtp.class.php 第 265 行.
NOTIC: [8192] Function ereg_replace() is deprecated G:\MyPHPWeb\TpProject\Application\Book\Common\Common\Smtp.class.php 第 46 行.
NOTIC: [8192] Function ereg() is deprecated G:\MyPHPWeb\TpProject\Application\Book\Common\Common\Smtp.class.php 第 256 行.
NOTIC: [8192] Function ereg_replace() is deprecated G:\MyPHPWeb\TpProject\Application\Book\Common\Common\Smtp.class.php 第 264 行.
NOTIC: [8192] Function ereg_replace() is deprecated G:\MyPHPWeb\TpProject\Application\Book\Common\Common\Smtp.class.php 第 265 行.
NOTIC: [8192] Function ereg() is deprecated G:\MyPHPWeb\TpProject\Application\Book\Common\Common\Smtp.class.php 第 210 行.
NOTIC: [8192] Function ereg() is deprecated G:\MyPHPWeb\TpProject\Application\Book\Common\Common\Smtp.class.php 第 210 行.
NOTIC: [8192] Function ereg() is deprecated G:\MyPHPWeb\TpProject\Application\Book\Common\Common\Smtp.class.php 第 210 行.
NOTIC: [8192] Function ereg() is deprecated G:\MyPHPWeb\TpProject\Application\Book\Common\Common\Smtp.class.php 第 210 行.
NOTIC: [8192] Function ereg() is deprecated G:\MyPHPWeb\TpProject\Application\Book\Common\Common\Smtp.class.php 第 210 行.
NOTIC: [8192] Function ereg() is deprecated G:\MyPHPWeb\TpProject\Application\Book\Common\Common\Smtp.class.php 第 210 行.
NOTIC: [8192] Function ereg() is deprecated G:\MyPHPWeb\TpProject\Application\Book\Common\Common\Smtp.class.php 第 210 行.
NOTIC: [8192] Function ereg() is deprecated G:\MyPHPWeb\TpProject\Application\Book\Common\Common\Smtp.class.php 第 210 行.
NOTIC: [8192] Function ereg() is deprecated G:\MyPHPWeb\TpProject\Application\Book\Common\Common\Smtp.class.php 第 210 行.
INFO: [ app_end ] --START--
INFO: Run Behavior\ShowPageTraceBehavior [ RunTime:0.001703s ]
INFO: [ app_end ] --END-- [ RunTime:0.001868s ]

[ 2016-07-13T08:23:19+08:00 ] 127.0.0.1 /User/sendEmailCode
INFO: [ app_begin ] --START--
INFO: Run Behavior\ReadHtmlCacheBehavior [ RunTime:0.001098s ]
INFO: [ app_begin ] --END-- [ RunTime:0.001749s ]
NOTIC: [8192] Function ereg() is deprecated G:\MyPHPWeb\TpProject\Application\Book\Common\Common\Smtp.class.php 第 256 行.
NOTIC: [8192] Function ereg_replace() is deprecated G:\MyPHPWeb\TpProject\Application\Book\Common\Common\Smtp.class.php 第 264 行.
NOTIC: [8192] Function ereg_replace() is deprecated G:\MyPHPWeb\TpProject\Application\Book\Common\Common\Smtp.class.php 第 265 行.
NOTIC: [8192] Function ereg_replace() is deprecated G:\MyPHPWeb\TpProject\Application\Book\Common\Common\Smtp.class.php 第 46 行.
NOTIC: [8192] Function ereg() is deprecated G:\MyPHPWeb\TpProject\Application\Book\Common\Common\Smtp.class.php 第 256 行.
NOTIC: [8192] Function ereg_replace() is deprecated G:\MyPHPWeb\TpProject\Application\Book\Common\Common\Smtp.class.php 第 264 行.
NOTIC: [8192] Function ereg_replace() is deprecated G:\MyPHPWeb\TpProject\Application\Book\Common\Common\Smtp.class.php 第 265 行.
NOTIC: [8192] Function ereg() is deprecated G:\MyPHPWeb\TpProject\Application\Book\Common\Common\Smtp.class.php 第 210 行.
NOTIC: [8192] Function ereg() is deprecated G:\MyPHPWeb\TpProject\Application\Book\Common\Common\Smtp.class.php 第 210 行.
NOTIC: [8192] Function ereg() is deprecated G:\MyPHPWeb\TpProject\Application\Book\Common\Common\Smtp.class.php 第 210 行.
NOTIC: [8192] Function ereg() is deprecated G:\MyPHPWeb\TpProject\Application\Book\Common\Common\Smtp.class.php 第 210 行.
INFO: [ app_end ] --START--
INFO: Run Behavior\ShowPageTraceBehavior [ RunTime:0.002058s ]
INFO: [ app_end ] --END-- [ RunTime:0.002239s ]

[ 2016-07-13T08:30:14+08:00 ] 127.0.0.1 /User/sendEmailCode
INFO: [ app_begin ] --START--
INFO: Run Behavior\ReadHtmlCacheBehavior [ RunTime:0.000930s ]
INFO: [ app_begin ] --END-- [ RunTime:0.001611s ]
INFO: [ app_end ] --START--
INFO: Run Behavior\ShowPageTraceBehavior [ RunTime:0.000840s ]
INFO: [ app_end ] --END-- [ RunTime:0.000904s ]

[ 2016-07-13T08:30:23+08:00 ] 127.0.0.1 /User/sendEmailCode
INFO: [ app_begin ] --START--
INFO: Run Behavior\ReadHtmlCacheBehavior [ RunTime:0.000666s ]
INFO: [ app_begin ] --END-- [ RunTime:0.001192s ]
INFO: [ app_end ] --START--
INFO: Run Behavior\ShowPageTraceBehavior [ RunTime:0.001052s ]
INFO: [ app_end ] --END-- [ RunTime:0.001209s ]

[ 2016-07-13T08:30:41+08:00 ] 127.0.0.1 /User/sendEmailCode
INFO: [ app_begin ] --START--
INFO: Run Behavior\ReadHtmlCacheBehavior [ RunTime:0.000828s ]
INFO: [ app_begin ] --END-- [ RunTime:0.001628s ]
NOTIC: [8192] Function ereg() is deprecated G:\MyPHPWeb\TpProject\Application\Book\Common\Common\Smtp.class.php 第 256 行.
NOTIC: [8192] Function ereg_replace() is deprecated G:\MyPHPWeb\TpProject\Application\Book\Common\Common\Smtp.class.php 第 264 行.
NOTIC: [8192] Function ereg_replace() is deprecated G:\MyPHPWeb\TpProject\Application\Book\Common\Common\Smtp.class.php 第 265 行.
NOTIC: [8192] Function ereg_replace() is deprecated G:\MyPHPWeb\TpProject\Application\Book\Common\Common\Smtp.class.php 第 46 行.
NOTIC: [8192] Function ereg() is deprecated G:\MyPHPWeb\TpProject\Application\Book\Common\Common\Smtp.class.php 第 256 行.
NOTIC: [8192] Function ereg_replace() is deprecated G:\MyPHPWeb\TpProject\Application\Book\Common\Common\Smtp.class.php 第 264 行.
NOTIC: [8192] Function ereg_replace() is deprecated G:\MyPHPWeb\TpProject\Application\Book\Common\Common\Smtp.class.php 第 265 行.
NOTIC: [8192] Function ereg() is deprecated G:\MyPHPWeb\TpProject\Application\Book\Common\Common\Smtp.class.php 第 210 行.
NOTIC: [8192] Function ereg() is deprecated G:\MyPHPWeb\TpProject\Application\Book\Common\Common\Smtp.class.php 第 210 行.
NOTIC: [8192] Function ereg() is deprecated G:\MyPHPWeb\TpProject\Application\Book\Common\Common\Smtp.class.php 第 210 行.
NOTIC: [8192] Function ereg() is deprecated G:\MyPHPWeb\TpProject\Application\Book\Common\Common\Smtp.class.php 第 210 行.
NOTIC: [8192] Function ereg() is deprecated G:\MyPHPWeb\TpProject\Application\Book\Common\Common\Smtp.class.php 第 210 行.
INFO: [ app_end ] --START--
INFO: Run Behavior\ShowPageTraceBehavior [ RunTime:0.002142s ]
INFO: [ app_end ] --END-- [ RunTime:0.002438s ]

[ 2016-07-13T08:31:10+08:00 ] 127.0.0.1 /User/sendEmailCode
INFO: [ app_begin ] --START--
INFO: Run Behavior\ReadHtmlCacheBehavior [ RunTime:0.000636s ]
INFO: [ app_begin ] --END-- [ RunTime:0.001203s ]
INFO: [ app_end ] --START--
INFO: Run Behavior\ShowPageTraceBehavior [ RunTime:0.000801s ]
INFO: [ app_end ] --END-- [ RunTime:0.000897s ]

[ 2016-07-13T08:31:19+08:00 ] 127.0.0.1 /User/sendEmailCode
INFO: [ app_begin ] --START--
INFO: Run Behavior\ReadHtmlCacheBehavior [ RunTime:0.001064s ]
INFO: [ app_begin ] --END-- [ RunTime:0.001682s ]
INFO: [ app_end ] --START--
INFO: Run Behavior\ShowPageTraceBehavior [ RunTime:0.000760s ]
INFO: [ app_end ] --END-- [ RunTime:0.000841s ]

[ 2016-07-13T08:31:28+08:00 ] 127.0.0.1 /User/sendEmailCode
INFO: [ app_begin ] --START--
INFO: Run Behavior\ReadHtmlCacheBehavior [ RunTime:0.000688s ]
INFO: [ app_begin ] --END-- [ RunTime:0.001484s ]
NOTIC: [8192] Function ereg() is deprecated G:\MyPHPWeb\TpProject\Application\Book\Common\Common\Smtp.class.php 第 256 行.
NOTIC: [8192] Function ereg_replace() is deprecated G:\MyPHPWeb\TpProject\Application\Book\Common\Common\Smtp.class.php 第 264 行.
NOTIC: [8192] Function ereg_replace() is deprecated G:\MyPHPWeb\TpProject\Application\Book\Common\Common\Smtp.class.php 第 265 行.
NOTIC: [8192] Function ereg_replace() is deprecated G:\MyPHPWeb\TpProject\Application\Book\Common\Common\Smtp.class.php 第 46 行.
NOTIC: [8192] Function ereg() is deprecated G:\MyPHPWeb\TpProject\Application\Book\Common\Common\Smtp.class.php 第 256 行.
NOTIC: [8192] Function ereg_replace() is deprecated G:\MyPHPWeb\TpProject\Application\Book\Common\Common\Smtp.class.php 第 264 行.
NOTIC: [8192] Function ereg_replace() is deprecated G:\MyPHPWeb\TpProject\Application\Book\Common\Common\Smtp.class.php 第 265 行.
NOTIC: [8192] Function ereg() is deprecated G:\MyPHPWeb\TpProject\Application\Book\Common\Common\Smtp.class.php 第 210 行.
NOTIC: [8192] Function ereg() is deprecated G:\MyPHPWeb\TpProject\Application\Book\Common\Common\Smtp.class.php 第 210 行.
NOTIC: [8192] Function ereg() is deprecated G:\MyPHPWeb\TpProject\Application\Book\Common\Common\Smtp.class.php 第 210 行.
NOTIC: [8192] Function ereg() is deprecated G:\MyPHPWeb\TpProject\Application\Book\Common\Common\Smtp.class.php 第 210 行.
NOTIC: [8192] Function ereg() is deprecated G:\MyPHPWeb\TpProject\Application\Book\Common\Common\Smtp.class.php 第 210 行.
NOTIC: [8192] Function ereg() is deprecated G:\MyPHPWeb\TpProject\Application\Book\Common\Common\Smtp.class.php 第 210 行.
NOTIC: [8192] Function ereg() is deprecated G:\MyPHPWeb\TpProject\Application\Book\Common\Common\Smtp.class.php 第 210 行.
NOTIC: [8192] Function ereg() is deprecated G:\MyPHPWeb\TpProject\Application\Book\Common\Common\Smtp.class.php 第 210 行.
NOTIC: [8192] Function ereg() is deprecated G:\MyPHPWeb\TpProject\Application\Book\Common\Common\Smtp.class.php 第 210 行.
INFO: [ app_end ] --START--
INFO: Run Behavior\ShowPageTraceBehavior [ RunTime:0.001015s ]
INFO: [ app_end ] --END-- [ RunTime:0.001134s ]

[ 2016-07-13T08:34:24+08:00 ] 127.0.0.1 /User/sendEmailCode
INFO: [ app_begin ] --START--
INFO: Run Behavior\ReadHtmlCacheBehavior [ RunTime:0.000878s ]
INFO: [ app_begin ] --END-- [ RunTime:0.001644s ]
INFO: [ app_end ] --START--
INFO: Run Behavior\ShowPageTraceBehavior [ RunTime:0.000882s ]
INFO: [ app_end ] --END-- [ RunTime:0.000965s ]

[ 2016-07-13T08:44:38+08:00 ] 127.0.0.1 /User/sendEmailCode
INFO: [ app_begin ] --START--
INFO: Run Behavior\ReadHtmlCacheBehavior [ RunTime:0.000774s ]
INFO: [ app_begin ] --END-- [ RunTime:0.001441s ]
NOTIC: [8192] Function ereg() is deprecated G:\MyPHPWeb\TpProject\Application\Book\Common\Common\Smtp.class.php 第 256 行.
NOTIC: [8192] Function ereg_replace() is deprecated G:\MyPHPWeb\TpProject\Application\Book\Common\Common\Smtp.class.php 第 264 行.
NOTIC: [8192] Function ereg_replace() is deprecated G:\MyPHPWeb\TpProject\Application\Book\Common\Common\Smtp.class.php 第 265 行.
NOTIC: [8192] Function ereg_replace() is deprecated G:\MyPHPWeb\TpProject\Application\Book\Common\Common\Smtp.class.php 第 46 行.
NOTIC: [8192] Function ereg() is deprecated G:\MyPHPWeb\TpProject\Application\Book\Common\Common\Smtp.class.php 第 256 行.
NOTIC: [8192] Function ereg_replace() is deprecated G:\MyPHPWeb\TpProject\Application\Book\Common\Common\Smtp.class.php 第 264 行.
NOTIC: [8192] Function ereg_replace() is deprecated G:\MyPHPWeb\TpProject\Application\Book\Common\Common\Smtp.class.php 第 265 行.
NOTIC: [8192] Function ereg() is deprecated G:\MyPHPWeb\TpProject\Application\Book\Common\Common\Smtp.class.php 第 210 行.
NOTIC: [8192] Function ereg() is deprecated G:\MyPHPWeb\TpProject\Application\Book\Common\Common\Smtp.class.php 第 210 行.
NOTIC: [8192] Function ereg() is deprecated G:\MyPHPWeb\TpProject\Application\Book\Common\Common\Smtp.class.php 第 210 行.
NOTIC: [8192] Function ereg() is deprecated G:\MyPHPWeb\TpProject\Application\Book\Common\Common\Smtp.class.php 第 210 行.
NOTIC: [8192] Function ereg() is deprecated G:\MyPHPWeb\TpProject\Application\Book\Common\Common\Smtp.class.php 第 210 行.
NOTIC: [8192] Function ereg() is deprecated G:\MyPHPWeb\TpProject\Application\Book\Common\Common\Smtp.class.php 第 210 行.
NOTIC: [8192] Function ereg() is deprecated G:\MyPHPWeb\TpProject\Application\Book\Common\Common\Smtp.class.php 第 210 行.
NOTIC: [8192] Function ereg() is deprecated G:\MyPHPWeb\TpProject\Application\Book\Common\Common\Smtp.class.php 第 210 行.
NOTIC: [8192] Function ereg() is deprecated G:\MyPHPWeb\TpProject\Application\Book\Common\Common\Smtp.class.php 第 210 行.
INFO: [ app_end ] --START--
INFO: Run Behavior\ShowPageTraceBehavior [ RunTime:0.002069s ]
INFO: [ app_end ] --END-- [ RunTime:0.002249s ]

[ 2016-07-13T08:45:10+08:00 ] 127.0.0.1 /User/sendEmailCode
INFO: [ app_begin ] --START--
INFO: Run Behavior\ReadHtmlCacheBehavior [ RunTime:0.000854s ]
INFO: [ app_begin ] --END-- [ RunTime:0.001461s ]
INFO: [ app_end ] --START--
INFO: Run Behavior\ShowPageTraceBehavior [ RunTime:0.000899s ]
INFO: [ app_end ] --END-- [ RunTime:0.000985s ]

[ 2016-07-13T08:45:21+08:00 ] 127.0.0.1 /User/sendEmailCode
INFO: [ app_begin ] --START--
INFO: Run Behavior\ReadHtmlCacheBehavior [ RunTime:0.001581s ]
INFO: [ app_begin ] --END-- [ RunTime:0.002409s ]
INFO: [ app_end ] --START--
INFO: Run Behavior\ShowPageTraceBehavior [ RunTime:0.000821s ]
INFO: [ app_end ] --END-- [ RunTime:0.000906s ]

[ 2016-07-13T08:45:36+08:00 ] 127.0.0.1 /User/sendEmailCode
INFO: [ app_begin ] --START--
INFO: Run Behavior\ReadHtmlCacheBehavior [ RunTime:0.000854s ]
INFO: [ app_begin ] --END-- [ RunTime:0.001436s ]
INFO: [ app_end ] --START--
INFO: Run Behavior\ShowPageTraceBehavior [ RunTime:0.001008s ]
INFO: [ app_end ] --END-- [ RunTime:0.001102s ]

[ 2016-07-13T08:45:46+08:00 ] 127.0.0.1 /User/sendEmailCode
INFO: [ app_begin ] --START--
INFO: Run Behavior\ReadHtmlCacheBehavior [ RunTime:0.000726s ]
INFO: [ app_begin ] --END-- [ RunTime:0.001306s ]
NOTIC: [8192] Function ereg() is deprecated G:\MyPHPWeb\TpProject\Application\Book\Common\Common\Smtp.class.php 第 256 行.
NOTIC: [8192] Function ereg_replace() is deprecated G:\MyPHPWeb\TpProject\Application\Book\Common\Common\Smtp.class.php 第 264 行.
NOTIC: [8192] Function ereg_replace() is deprecated G:\MyPHPWeb\TpProject\Application\Book\Common\Common\Smtp.class.php 第 265 行.
NOTIC: [8192] Function ereg_replace() is deprecated G:\MyPHPWeb\TpProject\Application\Book\Common\Common\Smtp.class.php 第 46 行.
NOTIC: [8192] Function ereg() is deprecated G:\MyPHPWeb\TpProject\Application\Book\Common\Common\Smtp.class.php 第 256 行.
NOTIC: [8192] Function ereg_replace() is deprecated G:\MyPHPWeb\TpProject\Application\Book\Common\Common\Smtp.class.php 第 264 行.
NOTIC: [8192] Function ereg_replace() is deprecated G:\MyPHPWeb\TpProject\Application\Book\Common\Common\Smtp.class.php 第 265 行.
NOTIC: [8192] Function ereg() is deprecated G:\MyPHPWeb\TpProject\Application\Book\Common\Common\Smtp.class.php 第 210 行.
NOTIC: [8192] Function ereg() is deprecated G:\MyPHPWeb\TpProject\Application\Book\Common\Common\Smtp.class.php 第 210 行.
NOTIC: [8192] Function ereg() is deprecated G:\MyPHPWeb\TpProject\Application\Book\Common\Common\Smtp.class.php 第 210 行.
NOTIC: [8192] Function ereg() is deprecated G:\MyPHPWeb\TpProject\Application\Book\Common\Common\Smtp.class.php 第 210 行.
NOTIC: [8192] Function ereg() is deprecated G:\MyPHPWeb\TpProject\Application\Book\Common\Common\Smtp.class.php 第 210 行.
NOTIC: [8192] Function ereg() is deprecated G:\MyPHPWeb\TpProject\Application\Book\Common\Common\Smtp.class.php 第 210 行.
NOTIC: [8192] Function ereg() is deprecated G:\MyPHPWeb\TpProject\Application\Book\Common\Common\Smtp.class.php 第 210 行.
NOTIC: [8192] Function ereg() is deprecated G:\MyPHPWeb\TpProject\Application\Book\Common\Common\Smtp.class.php 第 210 行.
NOTIC: [8192] Function ereg() is deprecated G:\MyPHPWeb\TpProject\Application\Book\Common\Common\Smtp.class.php 第 210 行.
INFO: [ app_end ] --START--
INFO: Run Behavior\ShowPageTraceBehavior [ RunTime:0.001719s ]
INFO: [ app_end ] --END-- [ RunTime:0.001875s ]

[ 2016-07-13T08:46:16+08:00 ] 127.0.0.1 /User/sendEmailCode
INFO: [ app_begin ] --START--
INFO: Run Behavior\ReadHtmlCacheBehavior [ RunTime:0.000980s ]
INFO: [ app_begin ] --END-- [ RunTime:0.001699s ]
NOTIC: [8192] Function ereg() is deprecated G:\MyPHPWeb\TpProject\Application\Book\Common\Common\Smtp.class.php 第 256 行.
NOTIC: [8192] Function ereg_replace() is deprecated G:\MyPHPWeb\TpProject\Application\Book\Common\Common\Smtp.class.php 第 264 行.
NOTIC: [8192] Function ereg_replace() is deprecated G:\MyPHPWeb\TpProject\Application\Book\Common\Common\Smtp.class.php 第 265 行.
NOTIC: [8192] Function ereg_replace() is deprecated G:\MyPHPWeb\TpProject\Application\Book\Common\Common\Smtp.class.php 第 46 行.
NOTIC: [8192] Function ereg() is deprecated G:\MyPHPWeb\TpProject\Application\Book\Common\Common\Smtp.class.php 第 256 行.
NOTIC: [8192] Function ereg_replace() is deprecated G:\MyPHPWeb\TpProject\Application\Book\Common\Common\Smtp.class.php 第 264 行.
NOTIC: [8192] Function ereg_replace() is deprecated G:\MyPHPWeb\TpProject\Application\Book\Common\Common\Smtp.class.php 第 265 行.
NOTIC: [8192] Function ereg() is deprecated G:\MyPHPWeb\TpProject\Application\Book\Common\Common\Smtp.class.php 第 210 行.
NOTIC: [8192] Function ereg() is deprecated G:\MyPHPWeb\TpProject\Application\Book\Common\Common\Smtp.class.php 第 210 行.
NOTIC: [8192] Function ereg() is deprecated G:\MyPHPWeb\TpProject\Application\Book\Common\Common\Smtp.class.php 第 210 行.
NOTIC: [8192] Function ereg() is deprecated G:\MyPHPWeb\TpProject\Application\Book\Common\Common\Smtp.class.php 第 210 行.
NOTIC: [8192] Function ereg() is deprecated G:\MyPHPWeb\TpProject\Application\Book\Common\Common\Smtp.class.php 第 210 行.
NOTIC: [8192] Function ereg() is deprecated G:\MyPHPWeb\TpProject\Application\Book\Common\Common\Smtp.class.php 第 210 行.
NOTIC: [8192] Function ereg() is deprecated G:\MyPHPWeb\TpProject\Application\Book\Common\Common\Smtp.class.php 第 210 行.
NOTIC: [8192] Function ereg() is deprecated G:\MyPHPWeb\TpProject\Application\Book\Common\Common\Smtp.class.php 第 210 行.
NOTIC: [8192] Function ereg() is deprecated G:\MyPHPWeb\TpProject\Application\Book\Common\Common\Smtp.class.php 第 210 行.
INFO: [ app_end ] --START--
INFO: Run Behavior\ShowPageTraceBehavior [ RunTime:0.001307s ]
INFO: [ app_end ] --END-- [ RunTime:0.001413s ]

[ 2016-07-13T08:46:43+08:00 ] 127.0.0.1 /User/sendEmailCode
INFO: [ app_begin ] --START--
INFO: Run Behavior\ReadHtmlCacheBehavior [ RunTime:0.000707s ]
INFO: [ app_begin ] --END-- [ RunTime:0.001276s ]
NOTIC: [8192] Function ereg() is deprecated G:\MyPHPWeb\TpProject\Application\Book\Common\Common\Smtp.class.php 第 256 行.
NOTIC: [8192] Function ereg_replace() is deprecated G:\MyPHPWeb\TpProject\Application\Book\Common\Common\Smtp.class.php 第 264 行.
NOTIC: [8192] Function ereg_replace() is deprecated G:\MyPHPWeb\TpProject\Application\Book\Common\Common\Smtp.class.php 第 265 行.
NOTIC: [8192] Function ereg_replace() is deprecated G:\MyPHPWeb\TpProject\Application\Book\Common\Common\Smtp.class.php 第 46 行.
NOTIC: [8192] Function ereg() is deprecated G:\MyPHPWeb\TpProject\Application\Book\Common\Common\Smtp.class.php 第 256 行.
NOTIC: [8192] Function ereg_replace() is deprecated G:\MyPHPWeb\TpProject\Application\Book\Common\Common\Smtp.class.php 第 264 行.
NOTIC: [8192] Function ereg_replace() is deprecated G:\MyPHPWeb\TpProject\Application\Book\Common\Common\Smtp.class.php 第 265 行.
NOTIC: [8192] Function ereg() is deprecated G:\MyPHPWeb\TpProject\Application\Book\Common\Common\Smtp.class.php 第 210 行.
NOTIC: [8192] Function ereg() is deprecated G:\MyPHPWeb\TpProject\Application\Book\Common\Common\Smtp.class.php 第 210 行.
NOTIC: [8192] Function ereg() is deprecated G:\MyPHPWeb\TpProject\Application\Book\Common\Common\Smtp.class.php 第 210 行.
NOTIC: [8192] Function ereg() is deprecated G:\MyPHPWeb\TpProject\Application\Book\Common\Common\Smtp.class.php 第 210 行.
NOTIC: [8192] Function ereg() is deprecated G:\MyPHPWeb\TpProject\Application\Book\Common\Common\Smtp.class.php 第 210 行.
NOTIC: [8192] Function ereg() is deprecated G:\MyPHPWeb\TpProject\Application\Book\Common\Common\Smtp.class.php 第 210 行.
NOTIC: [8192] Function ereg() is deprecated G:\MyPHPWeb\TpProject\Application\Book\Common\Common\Smtp.class.php 第 210 行.
NOTIC: [8192] Function ereg() is deprecated G:\MyPHPWeb\TpProject\Application\Book\Common\Common\Smtp.class.php 第 210 行.
NOTIC: [8192] Function ereg() is deprecated G:\MyPHPWeb\TpProject\Application\Book\Common\Common\Smtp.class.php 第 210 行.
INFO: [ app_end ] --START--
INFO: Run Behavior\ShowPageTraceBehavior [ RunTime:0.001788s ]
INFO: [ app_end ] --END-- [ RunTime:0.001947s ]

[ 2016-07-13T08:49:48+08:00 ] 127.0.0.1 /User/sendEmailCode
INFO: [ app_begin ] --START--
INFO: Run Behavior\ReadHtmlCacheBehavior [ RunTime:0.000618s ]
INFO: [ app_begin ] --END-- [ RunTime:0.001159s ]
NOTIC: [8192] Function ereg() is deprecated G:\MyPHPWeb\TpProject\Application\Book\Common\Common\Smtp.class.php 第 256 行.
NOTIC: [8192] Function ereg_replace() is deprecated G:\MyPHPWeb\TpProject\Application\Book\Common\Common\Smtp.class.php 第 264 行.
NOTIC: [8192] Function ereg_replace() is deprecated G:\MyPHPWeb\TpProject\Application\Book\Common\Common\Smtp.class.php 第 265 行.
NOTIC: [8192] Function ereg_replace() is deprecated G:\MyPHPWeb\TpProject\Application\Book\Common\Common\Smtp.class.php 第 46 行.
NOTIC: [8192] Function ereg() is deprecated G:\MyPHPWeb\TpProject\Application\Book\Common\Common\Smtp.class.php 第 256 行.
NOTIC: [8192] Function ereg_replace() is deprecated G:\MyPHPWeb\TpProject\Application\Book\Common\Common\Smtp.class.php 第 264 行.
NOTIC: [8192] Function ereg_replace() is deprecated G:\MyPHPWeb\TpProject\Application\Book\Common\Common\Smtp.class.php 第 265 行.
NOTIC: [8192] Function ereg() is deprecated G:\MyPHPWeb\TpProject\Application\Book\Common\Common\Smtp.class.php 第 210 行.
NOTIC: [8192] Function ereg() is deprecated G:\MyPHPWeb\TpProject\Application\Book\Common\Common\Smtp.class.php 第 210 行.
NOTIC: [8192] Function ereg() is deprecated G:\MyPHPWeb\TpProject\Application\Book\Common\Common\Smtp.class.php 第 210 行.
NOTIC: [8192] Function ereg() is deprecated G:\MyPHPWeb\TpProject\Application\Book\Common\Common\Smtp.class.php 第 210 行.
NOTIC: [8192] Function ereg() is deprecated G:\MyPHPWeb\TpProject\Application\Book\Common\Common\Smtp.class.php 第 210 行.
NOTIC: [8192] Function ereg() is deprecated G:\MyPHPWeb\TpProject\Application\Book\Common\Common\Smtp.class.php 第 210 行.
NOTIC: [8192] Function ereg() is deprecated G:\MyPHPWeb\TpProject\Application\Book\Common\Common\Smtp.class.php 第 210 行.
NOTIC: [8192] Function ereg() is deprecated G:\MyPHPWeb\TpProject\Application\Book\Common\Common\Smtp.class.php 第 210 行.
NOTIC: [8192] Function ereg() is deprecated G:\MyPHPWeb\TpProject\Application\Book\Common\Common\Smtp.class.php 第 210 行.
INFO: [ app_end ] --START--
INFO: Run Behavior\ShowPageTraceBehavior [ RunTime:0.001715s ]
INFO: [ app_end ] --END-- [ RunTime:0.001887s ]

[ 2016-07-13T08:51:25+08:00 ] 127.0.0.1 /User/sendEmailCode
INFO: [ app_begin ] --START--
INFO: Run Behavior\ReadHtmlCacheBehavior [ RunTime:0.001098s ]
INFO: [ app_begin ] --END-- [ RunTime:0.001856s ]
NOTIC: [8192] Function ereg() is deprecated G:\MyPHPWeb\TpProject\Application\Book\Common\Common\Smtp.class.php 第 256 行.
NOTIC: [8192] Function ereg_replace() is deprecated G:\MyPHPWeb\TpProject\Application\Book\Common\Common\Smtp.class.php 第 264 行.
NOTIC: [8192] Function ereg_replace() is deprecated G:\MyPHPWeb\TpProject\Application\Book\Common\Common\Smtp.class.php 第 265 行.
NOTIC: [8192] Function ereg_replace() is deprecated G:\MyPHPWeb\TpProject\Application\Book\Common\Common\Smtp.class.php 第 46 行.
NOTIC: [8192] Function ereg() is deprecated G:\MyPHPWeb\TpProject\Application\Book\Common\Common\Smtp.class.php 第 256 行.
NOTIC: [8192] Function ereg_replace() is deprecated G:\MyPHPWeb\TpProject\Application\Book\Common\Common\Smtp.class.php 第 264 行.
NOTIC: [8192] Function ereg_replace() is deprecated G:\MyPHPWeb\TpProject\Application\Book\Common\Common\Smtp.class.php 第 265 行.
NOTIC: [8192] Function ereg() is deprecated G:\MyPHPWeb\TpProject\Application\Book\Common\Common\Smtp.class.php 第 210 行.
NOTIC: [8192] Function ereg() is deprecated G:\MyPHPWeb\TpProject\Application\Book\Common\Common\Smtp.class.php 第 210 行.
NOTIC: [8192] Function ereg() is deprecated G:\MyPHPWeb\TpProject\Application\Book\Common\Common\Smtp.class.php 第 210 行.
NOTIC: [8192] Function ereg() is deprecated G:\MyPHPWeb\TpProject\Application\Book\Common\Common\Smtp.class.php 第 210 行.
NOTIC: [8192] Function ereg() is deprecated G:\MyPHPWeb\TpProject\Application\Book\Common\Common\Smtp.class.php 第 210 行.
NOTIC: [8192] Function ereg() is deprecated G:\MyPHPWeb\TpProject\Application\Book\Common\Common\Smtp.class.php 第 210 行.
NOTIC: [8192] Function ereg() is deprecated G:\MyPHPWeb\TpProject\Application\Book\Common\Common\Smtp.class.php 第 210 行.
NOTIC: [8192] Function ereg() is deprecated G:\MyPHPWeb\TpProject\Application\Book\Common\Common\Smtp.class.php 第 210 行.
NOTIC: [8192] Function ereg() is deprecated G:\MyPHPWeb\TpProject\Application\Book\Common\Common\Smtp.class.php 第 210 行.
INFO: [ app_end ] --START--
INFO: Run Behavior\ShowPageTraceBehavior [ RunTime:0.001292s ]
INFO: [ app_end ] --END-- [ RunTime:0.001386s ]

[ 2016-07-13T08:51:51+08:00 ] 127.0.0.1 /User/sendEmailCode
INFO: [ app_begin ] --START--
INFO: Run Behavior\ReadHtmlCacheBehavior [ RunTime:0.000695s ]
INFO: [ app_begin ] --END-- [ RunTime:0.001290s ]
INFO: [ app_end ] --START--
INFO: Run Behavior\ShowPageTraceBehavior [ RunTime:0.001068s ]
INFO: [ app_end ] --END-- [ RunTime:0.001180s ]

[ 2016-07-13T09:05:42+08:00 ] 127.0.0.1 /User/sendEmailCode
INFO: [ app_begin ] --START--
INFO: Run Behavior\ReadHtmlCacheBehavior [ RunTime:0.000829s ]
INFO: [ app_begin ] --END-- [ RunTime:0.001569s ]
NOTIC: [8192] Function ereg() is deprecated G:\MyPHPWeb\TpProject\Application\Book\Common\Common\Smtp.class.php 第 256 行.
NOTIC: [8192] Function ereg_replace() is deprecated G:\MyPHPWeb\TpProject\Application\Book\Common\Common\Smtp.class.php 第 264 行.
NOTIC: [8192] Function ereg_replace() is deprecated G:\MyPHPWeb\TpProject\Application\Book\Common\Common\Smtp.class.php 第 265 行.
NOTIC: [8192] Function ereg_replace() is deprecated G:\MyPHPWeb\TpProject\Application\Book\Common\Common\Smtp.class.php 第 46 行.
NOTIC: [8192] Function ereg() is deprecated G:\MyPHPWeb\TpProject\Application\Book\Common\Common\Smtp.class.php 第 256 行.
NOTIC: [8192] Function ereg_replace() is deprecated G:\MyPHPWeb\TpProject\Application\Book\Common\Common\Smtp.class.php 第 264 行.
NOTIC: [8192] Function ereg_replace() is deprecated G:\MyPHPWeb\TpProject\Application\Book\Common\Common\Smtp.class.php 第 265 行.
NOTIC: [8192] Function ereg() is deprecated G:\MyPHPWeb\TpProject\Application\Book\Common\Common\Smtp.class.php 第 210 行.
NOTIC: [8192] Function ereg() is deprecated G:\MyPHPWeb\TpProject\Application\Book\Common\Common\Smtp.class.php 第 210 行.
NOTIC: [8192] Function ereg() is deprecated G:\MyPHPWeb\TpProject\Application\Book\Common\Common\Smtp.class.php 第 210 行.
NOTIC: [8192] Function ereg() is deprecated G:\MyPHPWeb\TpProject\Application\Book\Common\Common\Smtp.class.php 第 210 行.
NOTIC: [8192] Function ereg() is deprecated G:\MyPHPWeb\TpProject\Application\Book\Common\Common\Smtp.class.php 第 210 行.
NOTIC: [8192] Function ereg() is deprecated G:\MyPHPWeb\TpProject\Application\Book\Common\Common\Smtp.class.php 第 210 行.
NOTIC: [8192] Function ereg() is deprecated G:\MyPHPWeb\TpProject\Application\Book\Common\Common\Smtp.class.php 第 210 行.
NOTIC: [8192] Function ereg() is deprecated G:\MyPHPWeb\TpProject\Application\Book\Common\Common\Smtp.class.php 第 210 行.
NOTIC: [8192] Function ereg() is deprecated G:\MyPHPWeb\TpProject\Application\Book\Common\Common\Smtp.class.php 第 210 行.
INFO: [ app_end ] --START--
INFO: Run Behavior\ShowPageTraceBehavior [ RunTime:0.002389s ]
INFO: [ app_end ] --END-- [ RunTime:0.002611s ]

[ 2016-07-13T09:14:16+08:00 ] 127.0.0.1 /User/sendEmailCode
INFO: [ app_begin ] --START--
INFO: Run Behavior\ReadHtmlCacheBehavior [ RunTime:0.000666s ]
INFO: [ app_begin ] --END-- [ RunTime:0.001327s ]
NOTIC: [8192] Function ereg() is deprecated G:\MyPHPWeb\TpProject\Application\Book\Common\Common\Smtp.class.php 第 256 行.
NOTIC: [8192] Function ereg_replace() is deprecated G:\MyPHPWeb\TpProject\Application\Book\Common\Common\Smtp.class.php 第 264 行.
NOTIC: [8192] Function ereg_replace() is deprecated G:\MyPHPWeb\TpProject\Application\Book\Common\Common\Smtp.class.php 第 265 行.
NOTIC: [8192] Function ereg_replace() is deprecated G:\MyPHPWeb\TpProject\Application\Book\Common\Common\Smtp.class.php 第 46 行.
NOTIC: [8192] Function ereg() is deprecated G:\MyPHPWeb\TpProject\Application\Book\Common\Common\Smtp.class.php 第 256 行.
NOTIC: [8192] Function ereg_replace() is deprecated G:\MyPHPWeb\TpProject\Application\Book\Common\Common\Smtp.class.php 第 264 行.
NOTIC: [8192] Function ereg_replace() is deprecated G:\MyPHPWeb\TpProject\Application\Book\Common\Common\Smtp.class.php 第 265 行.
NOTIC: [8192] Function ereg() is deprecated G:\MyPHPWeb\TpProject\Application\Book\Common\Common\Smtp.class.php 第 210 行.
NOTIC: [8192] Function ereg() is deprecated G:\MyPHPWeb\TpProject\Application\Book\Common\Common\Smtp.class.php 第 210 行.
NOTIC: [8192] Function ereg() is deprecated G:\MyPHPWeb\TpProject\Application\Book\Common\Common\Smtp.class.php 第 210 行.
NOTIC: [8192] Function ereg() is deprecated G:\MyPHPWeb\TpProject\Application\Book\Common\Common\Smtp.class.php 第 210 行.
NOTIC: [8192] Function ereg() is deprecated G:\MyPHPWeb\TpProject\Application\Book\Common\Common\Smtp.class.php 第 210 行.
NOTIC: [8192] Function ereg() is deprecated G:\MyPHPWeb\TpProject\Application\Book\Common\Common\Smtp.class.php 第 210 行.
NOTIC: [8192] Function ereg() is deprecated G:\MyPHPWeb\TpProject\Application\Book\Common\Common\Smtp.class.php 第 210 行.
NOTIC: [8192] Function ereg() is deprecated G:\MyPHPWeb\TpProject\Application\Book\Common\Common\Smtp.class.php 第 210 行.
NOTIC: [8192] Function ereg() is deprecated G:\MyPHPWeb\TpProject\Application\Book\Common\Common\Smtp.class.php 第 210 行.
INFO: [ app_end ] --START--
INFO: Run Behavior\ShowPageTraceBehavior [ RunTime:0.001942s ]
INFO: [ app_end ] --END-- [ RunTime:0.002102s ]

[ 2016-07-13T09:15:39+08:00 ] 127.0.0.1 /User/sendEmailCode
INFO: [ app_begin ] --START--
INFO: Run Behavior\ReadHtmlCacheBehavior [ RunTime:0.000656s ]
INFO: [ app_begin ] --END-- [ RunTime:0.001216s ]
NOTIC: [8192] Function ereg() is deprecated G:\MyPHPWeb\TpProject\Application\Book\Common\Common\Smtp.class.php 第 256 行.
NOTIC: [8192] Function ereg_replace() is deprecated G:\MyPHPWeb\TpProject\Application\Book\Common\Common\Smtp.class.php 第 264 行.
NOTIC: [8192] Function ereg_replace() is deprecated G:\MyPHPWeb\TpProject\Application\Book\Common\Common\Smtp.class.php 第 265 行.
NOTIC: [8192] Function ereg_replace() is deprecated G:\MyPHPWeb\TpProject\Application\Book\Common\Common\Smtp.class.php 第 46 行.
NOTIC: [8192] Function ereg() is deprecated G:\MyPHPWeb\TpProject\Application\Book\Common\Common\Smtp.class.php 第 256 行.
NOTIC: [8192] Function ereg_replace() is deprecated G:\MyPHPWeb\TpProject\Application\Book\Common\Common\Smtp.class.php 第 264 行.
NOTIC: [8192] Function ereg_replace() is deprecated G:\MyPHPWeb\TpProject\Application\Book\Common\Common\Smtp.class.php 第 265 行.
NOTIC: [8192] Function ereg() is deprecated G:\MyPHPWeb\TpProject\Application\Book\Common\Common\Smtp.class.php 第 210 行.
NOTIC: [8192] Function ereg() is deprecated G:\MyPHPWeb\TpProject\Application\Book\Common\Common\Smtp.class.php 第 210 行.
NOTIC: [8192] Function ereg() is deprecated G:\MyPHPWeb\TpProject\Application\Book\Common\Common\Smtp.class.php 第 210 行.
NOTIC: [8192] Function ereg() is deprecated G:\MyPHPWeb\TpProject\Application\Book\Common\Common\Smtp.class.php 第 210 行.
NOTIC: [8192] Function ereg() is deprecated G:\MyPHPWeb\TpProject\Application\Book\Common\Common\Smtp.class.php 第 210 行.
NOTIC: [8192] Function ereg() is deprecated G:\MyPHPWeb\TpProject\Application\Book\Common\Common\Smtp.class.php 第 210 行.
NOTIC: [8192] Function ereg() is deprecated G:\MyPHPWeb\TpProject\Application\Book\Common\Common\Smtp.class.php 第 210 行.
NOTIC: [8192] Function ereg() is deprecated G:\MyPHPWeb\TpProject\Application\Book\Common\Common\Smtp.class.php 第 210 行.
NOTIC: [8192] Function ereg() is deprecated G:\MyPHPWeb\TpProject\Application\Book\Common\Common\Smtp.class.php 第 210 行.
INFO: [ app_end ] --START--
INFO: Run Behavior\ShowPageTraceBehavior [ RunTime:0.002675s ]
INFO: [ app_end ] --END-- [ RunTime:0.002939s ]

[ 2016-07-13T09:16:13+08:00 ] 127.0.0.1 /User/sendEmailCode
INFO: [ app_begin ] --START--
INFO: Run Behavior\ReadHtmlCacheBehavior [ RunTime:0.000746s ]
INFO: [ app_begin ] --END-- [ RunTime:0.001314s ]
INFO: [ app_end ] --START--
INFO: Run Behavior\ShowPageTraceBehavior [ RunTime:0.000822s ]
INFO: [ app_end ] --END-- [ RunTime:0.000893s ]

[ 2016-07-13T09:16:28+08:00 ] 127.0.0.1 /User/sendEmailCode
INFO: [ app_begin ] --START--
INFO: Run Behavior\ReadHtmlCacheBehavior [ RunTime:0.000576s ]
INFO: [ app_begin ] --END-- [ RunTime:0.001073s ]
INFO: [ app_end ] --START--
INFO: Run Behavior\ShowPageTraceBehavior [ RunTime:0.000741s ]
INFO: [ app_end ] --END-- [ RunTime:0.000814s ]

[ 2016-07-13T09:16:38+08:00 ] 127.0.0.1 /User/sendEmailCode
INFO: [ app_begin ] --START--
INFO: Run Behavior\ReadHtmlCacheBehavior [ RunTime:0.000636s ]
INFO: [ app_begin ] --END-- [ RunTime:0.001200s ]
NOTIC: [8192] Function ereg() is deprecated G:\MyPHPWeb\TpProject\Application\Book\Common\Common\Smtp.class.php 第 256 行.
NOTIC: [8192] Function ereg_replace() is deprecated G:\MyPHPWeb\TpProject\Application\Book\Common\Common\Smtp.class.php 第 264 行.
NOTIC: [8192] Function ereg_replace() is deprecated G:\MyPHPWeb\TpProject\Application\Book\Common\Common\Smtp.class.php 第 265 行.
NOTIC: [8192] Function ereg_replace() is deprecated G:\MyPHPWeb\TpProject\Application\Book\Common\Common\Smtp.class.php 第 46 行.
NOTIC: [8192] Function ereg() is deprecated G:\MyPHPWeb\TpProject\Application\Book\Common\Common\Smtp.class.php 第 256 行.
NOTIC: [8192] Function ereg_replace() is deprecated G:\MyPHPWeb\TpProject\Application\Book\Common\Common\Smtp.class.php 第 264 行.
NOTIC: [8192] Function ereg_replace() is deprecated G:\MyPHPWeb\TpProject\Application\Book\Common\Common\Smtp.class.php 第 265 行.
NOTIC: [8192] Function ereg() is deprecated G:\MyPHPWeb\TpProject\Application\Book\Common\Common\Smtp.class.php 第 210 行.
NOTIC: [8192] Function ereg() is deprecated G:\MyPHPWeb\TpProject\Application\Book\Common\Common\Smtp.class.php 第 210 行.
NOTIC: [8192] Function ereg() is deprecated G:\MyPHPWeb\TpProject\Application\Book\Common\Common\Smtp.class.php 第 210 行.
NOTIC: [8192] Function ereg() is deprecated G:\MyPHPWeb\TpProject\Application\Book\Common\Common\Smtp.class.php 第 210 行.
NOTIC: [8192] Function ereg() is deprecated G:\MyPHPWeb\TpProject\Application\Book\Common\Common\Smtp.class.php 第 210 行.
NOTIC: [8192] Function ereg() is deprecated G:\MyPHPWeb\TpProject\Application\Book\Common\Common\Smtp.class.php 第 210 行.
NOTIC: [8192] Function ereg() is deprecated G:\MyPHPWeb\TpProject\Application\Book\Common\Common\Smtp.class.php 第 210 行.
NOTIC: [8192] Function ereg() is deprecated G:\MyPHPWeb\TpProject\Application\Book\Common\Common\Smtp.class.php 第 210 行.
NOTIC: [8192] Function ereg() is deprecated G:\MyPHPWeb\TpProject\Application\Book\Common\Common\Smtp.class.php 第 210 行.
INFO: [ app_end ] --START--
INFO: Run Behavior\ShowPageTraceBehavior [ RunTime:0.001743s ]
INFO: [ app_end ] --END-- [ RunTime:0.001940s ]

[ 2016-07-13T09:23:44+08:00 ] 127.0.0.1 /User/sendEmailCode
INFO: [ app_begin ] --START--
INFO: Run Behavior\ReadHtmlCacheBehavior [ RunTime:0.000850s ]
INFO: [ app_begin ] --END-- [ RunTime:0.001451s ]
NOTIC: [8192] Function ereg() is deprecated G:\MyPHPWeb\TpProject\Application\Book\Common\Common\Smtp.class.php 第 256 行.
NOTIC: [8192] Function ereg_replace() is deprecated G:\MyPHPWeb\TpProject\Application\Book\Common\Common\Smtp.class.php 第 264 行.
NOTIC: [8192] Function ereg_replace() is deprecated G:\MyPHPWeb\TpProject\Application\Book\Common\Common\Smtp.class.php 第 265 行.
NOTIC: [8192] Function ereg_replace() is deprecated G:\MyPHPWeb\TpProject\Application\Book\Common\Common\Smtp.class.php 第 46 行.
NOTIC: [8192] Function ereg() is deprecated G:\MyPHPWeb\TpProject\Application\Book\Common\Common\Smtp.class.php 第 256 行.
NOTIC: [8192] Function ereg_replace() is deprecated G:\MyPHPWeb\TpProject\Application\Book\Common\Common\Smtp.class.php 第 264 行.
NOTIC: [8192] Function ereg_replace() is deprecated G:\MyPHPWeb\TpProject\Application\Book\Common\Common\Smtp.class.php 第 265 行.
NOTIC: [8192] Function ereg() is deprecated G:\MyPHPWeb\TpProject\Application\Book\Common\Common\Smtp.class.php 第 210 行.
NOTIC: [8192] Function ereg() is deprecated G:\MyPHPWeb\TpProject\Application\Book\Common\Common\Smtp.class.php 第 210 行.
NOTIC: [8192] Function ereg() is deprecated G:\MyPHPWeb\TpProject\Application\Book\Common\Common\Smtp.class.php 第 210 行.
NOTIC: [8192] Function ereg() is deprecated G:\MyPHPWeb\TpProject\Application\Book\Common\Common\Smtp.class.php 第 210 行.
NOTIC: [8192] Function ereg() is deprecated G:\MyPHPWeb\TpProject\Application\Book\Common\Common\Smtp.class.php 第 210 行.
NOTIC: [8192] Function ereg() is deprecated G:\MyPHPWeb\TpProject\Application\Book\Common\Common\Smtp.class.php 第 210 行.
NOTIC: [8192] Function ereg() is deprecated G:\MyPHPWeb\TpProject\Application\Book\Common\Common\Smtp.class.php 第 210 行.
NOTIC: [8192] Function ereg() is deprecated G:\MyPHPWeb\TpProject\Application\Book\Common\Common\Smtp.class.php 第 210 行.
NOTIC: [8192] Function ereg() is deprecated G:\MyPHPWeb\TpProject\Application\Book\Common\Common\Smtp.class.php 第 210 行.
INFO: [ app_end ] --START--
INFO: Run Behavior\ShowPageTraceBehavior [ RunTime:0.001963s ]
INFO: [ app_end ] --END-- [ RunTime:0.002121s ]

[ 2016-07-13T09:24:45+08:00 ] 127.0.0.1 /User/sendEmailCode
INFO: [ app_begin ] --START--
INFO: Run Behavior\ReadHtmlCacheBehavior [ RunTime:0.000768s ]
INFO: [ app_begin ] --END-- [ RunTime:0.001294s ]
NOTIC: [8192] Function ereg() is deprecated G:\MyPHPWeb\TpProject\Application\Book\Common\Common\Smtp.class.php 第 256 行.
NOTIC: [8192] Function ereg_replace() is deprecated G:\MyPHPWeb\TpProject\Application\Book\Common\Common\Smtp.class.php 第 264 行.
NOTIC: [8192] Function ereg_replace() is deprecated G:\MyPHPWeb\TpProject\Application\Book\Common\Common\Smtp.class.php 第 265 行.
NOTIC: [8192] Function ereg_replace() is deprecated G:\MyPHPWeb\TpProject\Application\Book\Common\Common\Smtp.class.php 第 46 行.
NOTIC: [8192] Function ereg() is deprecated G:\MyPHPWeb\TpProject\Application\Book\Common\Common\Smtp.class.php 第 256 行.
NOTIC: [8192] Function ereg_replace() is deprecated G:\MyPHPWeb\TpProject\Application\Book\Common\Common\Smtp.class.php 第 264 行.
NOTIC: [8192] Function ereg_replace() is deprecated G:\MyPHPWeb\TpProject\Application\Book\Common\Common\Smtp.class.php 第 265 行.
NOTIC: [8192] Function ereg() is deprecated G:\MyPHPWeb\TpProject\Application\Book\Common\Common\Smtp.class.php 第 210 行.
NOTIC: [8192] Function ereg() is deprecated G:\MyPHPWeb\TpProject\Application\Book\Common\Common\Smtp.class.php 第 210 行.
NOTIC: [8192] Function ereg() is deprecated G:\MyPHPWeb\TpProject\Application\Book\Common\Common\Smtp.class.php 第 210 行.
NOTIC: [8192] Function ereg() is deprecated G:\MyPHPWeb\TpProject\Application\Book\Common\Common\Smtp.class.php 第 210 行.
NOTIC: [8192] Function ereg() is deprecated G:\MyPHPWeb\TpProject\Application\Book\Common\Common\Smtp.class.php 第 210 行.
NOTIC: [8192] Function ereg() is deprecated G:\MyPHPWeb\TpProject\Application\Book\Common\Common\Smtp.class.php 第 210 行.
NOTIC: [8192] Function ereg() is deprecated G:\MyPHPWeb\TpProject\Application\Book\Common\Common\Smtp.class.php 第 210 行.
NOTIC: [8192] Function ereg() is deprecated G:\MyPHPWeb\TpProject\Application\Book\Common\Common\Smtp.class.php 第 210 行.
NOTIC: [8192] Function ereg() is deprecated G:\MyPHPWeb\TpProject\Application\Book\Common\Common\Smtp.class.php 第 210 行.
INFO: [ app_end ] --START--
INFO: Run Behavior\ShowPageTraceBehavior [ RunTime:0.001713s ]
INFO: [ app_end ] --END-- [ RunTime:0.001870s ]

[ 2016-07-13T09:28:25+08:00 ] 127.0.0.1 /User/sendEmailCode
INFO: [ app_begin ] --START--
INFO: Run Behavior\ReadHtmlCacheBehavior [ RunTime:0.000795s ]
INFO: [ app_begin ] --END-- [ RunTime:0.001516s ]
NOTIC: [8192] Function ereg() is deprecated G:\MyPHPWeb\TpProject\Application\Book\Common\Common\Smtp.class.php 第 256 行.
NOTIC: [8192] Function ereg_replace() is deprecated G:\MyPHPWeb\TpProject\Application\Book\Common\Common\Smtp.class.php 第 264 行.
NOTIC: [8192] Function ereg_replace() is deprecated G:\MyPHPWeb\TpProject\Application\Book\Common\Common\Smtp.class.php 第 265 行.
NOTIC: [8192] Function ereg_replace() is deprecated G:\MyPHPWeb\TpProject\Application\Book\Common\Common\Smtp.class.php 第 46 行.
NOTIC: [8192] Function ereg() is deprecated G:\MyPHPWeb\TpProject\Application\Book\Common\Common\Smtp.class.php 第 256 行.
NOTIC: [8192] Function ereg_replace() is deprecated G:\MyPHPWeb\TpProject\Application\Book\Common\Common\Smtp.class.php 第 264 行.
NOTIC: [8192] Function ereg_replace() is deprecated G:\MyPHPWeb\TpProject\Application\Book\Common\Common\Smtp.class.php 第 265 行.
NOTIC: [8192] Function ereg() is deprecated G:\MyPHPWeb\TpProject\Application\Book\Common\Common\Smtp.class.php 第 210 行.
NOTIC: [8192] Function ereg() is deprecated G:\MyPHPWeb\TpProject\Application\Book\Common\Common\Smtp.class.php 第 210 行.
NOTIC: [8192] Function ereg() is deprecated G:\MyPHPWeb\TpProject\Application\Book\Common\Common\Smtp.class.php 第 210 行.
NOTIC: [8192] Function ereg() is deprecated G:\MyPHPWeb\TpProject\Application\Book\Common\Common\Smtp.class.php 第 210 行.
NOTIC: [8192] Function ereg() is deprecated G:\MyPHPWeb\TpProject\Application\Book\Common\Common\Smtp.class.php 第 210 行.
NOTIC: [8192] Function ereg() is deprecated G:\MyPHPWeb\TpProject\Application\Book\Common\Common\Smtp.class.php 第 210 行.
NOTIC: [8192] Function ereg() is deprecated G:\MyPHPWeb\TpProject\Application\Book\Common\Common\Smtp.class.php 第 210 行.
NOTIC: [8192] Function ereg() is deprecated G:\MyPHPWeb\TpProject\Application\Book\Common\Common\Smtp.class.php 第 210 行.
NOTIC: [8192] Function ereg() is deprecated G:\MyPHPWeb\TpProject\Application\Book\Common\Common\Smtp.class.php 第 210 行.
INFO: [ app_end ] --START--
INFO: Run Behavior\ShowPageTraceBehavior [ RunTime:0.001871s ]
INFO: [ app_end ] --END-- [ RunTime:0.002123s ]

[ 2016-07-13T09:29:25+08:00 ] 127.0.0.1 /User/sendEmailCode
INFO: [ app_begin ] --START--
INFO: Run Behavior\ReadHtmlCacheBehavior [ RunTime:0.000735s ]
INFO: [ app_begin ] --END-- [ RunTime:0.001413s ]
NOTIC: [8192] Function ereg() is deprecated G:\MyPHPWeb\TpProject\Application\Book\Common\Common\Smtp.class.php 第 256 行.
NOTIC: [8192] Function ereg_replace() is deprecated G:\MyPHPWeb\TpProject\Application\Book\Common\Common\Smtp.class.php 第 264 行.
NOTIC: [8192] Function ereg_replace() is deprecated G:\MyPHPWeb\TpProject\Application\Book\Common\Common\Smtp.class.php 第 265 行.
NOTIC: [8192] Function ereg_replace() is deprecated G:\MyPHPWeb\TpProject\Application\Book\Common\Common\Smtp.class.php 第 46 行.
NOTIC: [8192] Function ereg() is deprecated G:\MyPHPWeb\TpProject\Application\Book\Common\Common\Smtp.class.php 第 256 行.
NOTIC: [8192] Function ereg_replace() is deprecated G:\MyPHPWeb\TpProject\Application\Book\Common\Common\Smtp.class.php 第 264 行.
NOTIC: [8192] Function ereg_replace() is deprecated G:\MyPHPWeb\TpProject\Application\Book\Common\Common\Smtp.class.php 第 265 行.
NOTIC: [8192] Function ereg() is deprecated G:\MyPHPWeb\TpProject\Application\Book\Common\Common\Smtp.class.php 第 210 行.
NOTIC: [8192] Function ereg() is deprecated G:\MyPHPWeb\TpProject\Application\Book\Common\Common\Smtp.class.php 第 210 行.
NOTIC: [8192] Function ereg() is deprecated G:\MyPHPWeb\TpProject\Application\Book\Common\Common\Smtp.class.php 第 210 行.
NOTIC: [8192] Function ereg() is deprecated G:\MyPHPWeb\TpProject\Application\Book\Common\Common\Smtp.class.php 第 210 行.
NOTIC: [8192] Function ereg() is deprecated G:\MyPHPWeb\TpProject\Application\Book\Common\Common\Smtp.class.php 第 210 行.
NOTIC: [8192] Function ereg() is deprecated G:\MyPHPWeb\TpProject\Application\Book\Common\Common\Smtp.class.php 第 210 行.
NOTIC: [8192] Function ereg() is deprecated G:\MyPHPWeb\TpProject\Application\Book\Common\Common\Smtp.class.php 第 210 行.
NOTIC: [8192] Function ereg() is deprecated G:\MyPHPWeb\TpProject\Application\Book\Common\Common\Smtp.class.php 第 210 行.
NOTIC: [8192] Function ereg() is deprecated G:\MyPHPWeb\TpProject\Application\Book\Common\Common\Smtp.class.php 第 210 行.
INFO: [ app_end ] --START--
INFO: Run Behavior\ShowPageTraceBehavior [ RunTime:0.001827s ]
INFO: [ app_end ] --END-- [ RunTime:0.001993s ]

[ 2016-07-13T09:30:14+08:00 ] 127.0.0.1 /User/sendEmailCode
INFO: [ app_begin ] --START--
INFO: Run Behavior\ReadHtmlCacheBehavior [ RunTime:0.000794s ]
INFO: [ app_begin ] --END-- [ RunTime:0.001351s ]
NOTIC: [8192] Function ereg() is deprecated G:\MyPHPWeb\TpProject\Application\Book\Common\Common\Smtp.class.php 第 256 行.
NOTIC: [8192] Function ereg_replace() is deprecated G:\MyPHPWeb\TpProject\Application\Book\Common\Common\Smtp.class.php 第 264 行.
NOTIC: [8192] Function ereg_replace() is deprecated G:\MyPHPWeb\TpProject\Application\Book\Common\Common\Smtp.class.php 第 265 行.
NOTIC: [8192] Function ereg_replace() is deprecated G:\MyPHPWeb\TpProject\Application\Book\Common\Common\Smtp.class.php 第 46 行.
NOTIC: [8192] Function ereg() is deprecated G:\MyPHPWeb\TpProject\Application\Book\Common\Common\Smtp.class.php 第 256 行.
NOTIC: [8192] Function ereg_replace() is deprecated G:\MyPHPWeb\TpProject\Application\Book\Common\Common\Smtp.class.php 第 264 行.
NOTIC: [8192] Function ereg_replace() is deprecated G:\MyPHPWeb\TpProject\Application\Book\Common\Common\Smtp.class.php 第 265 行.
NOTIC: [8192] Function ereg() is deprecated G:\MyPHPWeb\TpProject\Application\Book\Common\Common\Smtp.class.php 第 210 行.
NOTIC: [8192] Function ereg() is deprecated G:\MyPHPWeb\TpProject\Application\Book\Common\Common\Smtp.class.php 第 210 行.
NOTIC: [8192] Function ereg() is deprecated G:\MyPHPWeb\TpProject\Application\Book\Common\Common\Smtp.class.php 第 210 行.
NOTIC: [8192] Function ereg() is deprecated G:\MyPHPWeb\TpProject\Application\Book\Common\Common\Smtp.class.php 第 210 行.
NOTIC: [8192] Function ereg() is deprecated G:\MyPHPWeb\TpProject\Application\Book\Common\Common\Smtp.class.php 第 210 行.
NOTIC: [8192] Function ereg() is deprecated G:\MyPHPWeb\TpProject\Application\Book\Common\Common\Smtp.class.php 第 210 行.
NOTIC: [8192] Function ereg() is deprecated G:\MyPHPWeb\TpProject\Application\Book\Common\Common\Smtp.class.php 第 210 行.
NOTIC: [8192] Function ereg() is deprecated G:\MyPHPWeb\TpProject\Application\Book\Common\Common\Smtp.class.php 第 210 行.
NOTIC: [8192] Function ereg() is deprecated G:\MyPHPWeb\TpProject\Application\Book\Common\Common\Smtp.class.php 第 210 行.
INFO: [ app_end ] --START--
INFO: Run Behavior\ShowPageTraceBehavior [ RunTime:0.002160s ]
INFO: [ app_end ] --END-- [ RunTime:0.002321s ]

[ 2016-07-13T09:51:21+08:00 ] 127.0.0.1 /User/sendEmailCode
INFO: [ app_begin ] --START--
INFO: Run Behavior\ReadHtmlCacheBehavior [ RunTime:0.000639s ]
INFO: [ app_begin ] --END-- [ RunTime:0.001210s ]
INFO: [ app_end ] --START--
INFO: Run Behavior\ShowPageTraceBehavior [ RunTime:0.000668s ]
INFO: [ app_end ] --END-- [ RunTime:0.000754s ]

[ 2016-07-13T09:51:31+08:00 ] 127.0.0.1 /User/sendEmailCode
INFO: [ app_begin ] --START--
INFO: Run Behavior\ReadHtmlCacheBehavior [ RunTime:0.000662s ]
INFO: [ app_begin ] --END-- [ RunTime:0.001222s ]
INFO: [ app_end ] --START--
INFO: Run Behavior\ShowPageTraceBehavior [ RunTime:0.000643s ]
INFO: [ app_end ] --END-- [ RunTime:0.000711s ]

[ 2016-07-13T09:51:43+08:00 ] 127.0.0.1 /User/sendEmailCode
INFO: [ app_begin ] --START--
INFO: Run Behavior\ReadHtmlCacheBehavior [ RunTime:0.000802s ]
INFO: [ app_begin ] --END-- [ RunTime:0.001768s ]
INFO: [ app_end ] --START--
INFO: Run Behavior\ShowPageTraceBehavior [ RunTime:0.000763s ]
INFO: [ app_end ] --END-- [ RunTime:0.000852s ]

[ 2016-07-13T09:51:53+08:00 ] 127.0.0.1 /User/sendEmailCode
INFO: [ app_begin ] --START--
INFO: Run Behavior\ReadHtmlCacheBehavior [ RunTime:0.000782s ]
INFO: [ app_begin ] --END-- [ RunTime:0.001551s ]

[ 2016-07-13T09:52:17+08:00 ] 127.0.0.1 /User/sendEmailCode
INFO: [ app_begin ] --START--
INFO: Run Behavior\ReadHtmlCacheBehavior [ RunTime:0.000565s ]
INFO: [ app_begin ] --END-- [ RunTime:0.001067s ]

[ 2016-07-13T09:52:49+08:00 ] 127.0.0.1 /User/sendEmailCode
INFO: [ app_begin ] --START--
INFO: Run Behavior\ReadHtmlCacheBehavior [ RunTime:0.000881s ]
INFO: [ app_begin ] --END-- [ RunTime:0.001801s ]
NOTIC: [8] Undefined variable: random_code G:\MyPHPWeb\TpProject\Application\Book\Home\Controller\UserController.class.php 第 233 行.
NOTIC: [8] Undefined variable: random_code G:\MyPHPWeb\TpProject\Application\Book\Home\Controller\UserController.class.php 第 233 行.
NOTIC: [8] Undefined variable: random_code G:\MyPHPWeb\TpProject\Application\Book\Home\Controller\UserController.class.php 第 233 行.
NOTIC: [8] Undefined variable: random_code G:\MyPHPWeb\TpProject\Application\Book\Home\Controller\UserController.class.php 第 233 行.
NOTIC: [8] Undefined variable: random_code G:\MyPHPWeb\TpProject\Application\Book\Home\Controller\UserController.class.php 第 233 行.
NOTIC: [8] Undefined variable: random_code G:\MyPHPWeb\TpProject\Application\Book\Home\Controller\UserController.class.php 第 233 行.
NOTIC: [8] Undefined variable: random_code G:\MyPHPWeb\TpProject\Application\Book\Home\Controller\UserController.class.php 第 237 行.
NOTIC: [8192] Function ereg() is deprecated G:\MyPHPWeb\TpProject\Application\Book\Common\Common\Smtp.class.php 第 256 行.
NOTIC: [8192] Function ereg_replace() is deprecated G:\MyPHPWeb\TpProject\Application\Book\Common\Common\Smtp.class.php 第 264 行.
NOTIC: [8192] Function ereg_replace() is deprecated G:\MyPHPWeb\TpProject\Application\Book\Common\Common\Smtp.class.php 第 265 行.
NOTIC: [8192] Function ereg_replace() is deprecated G:\MyPHPWeb\TpProject\Application\Book\Common\Common\Smtp.class.php 第 46 行.
NOTIC: [8192] Function ereg() is deprecated G:\MyPHPWeb\TpProject\Application\Book\Common\Common\Smtp.class.php 第 256 行.
NOTIC: [8192] Function ereg_replace() is deprecated G:\MyPHPWeb\TpProject\Application\Book\Common\Common\Smtp.class.php 第 264 行.
NOTIC: [8192] Function ereg_replace() is deprecated G:\MyPHPWeb\TpProject\Application\Book\Common\Common\Smtp.class.php 第 265 行.
NOTIC: [8192] Function ereg() is deprecated G:\MyPHPWeb\TpProject\Application\Book\Common\Common\Smtp.class.php 第 210 行.
NOTIC: [8192] Function ereg() is deprecated G:\MyPHPWeb\TpProject\Application\Book\Common\Common\Smtp.class.php 第 210 行.
NOTIC: [8192] Function ereg() is deprecated G:\MyPHPWeb\TpProject\Application\Book\Common\Common\Smtp.class.php 第 210 行.
NOTIC: [8192] Function ereg() is deprecated G:\MyPHPWeb\TpProject\Application\Book\Common\Common\Smtp.class.php 第 210 行.
NOTIC: [8192] Function ereg() is deprecated G:\MyPHPWeb\TpProject\Application\Book\Common\Common\Smtp.class.php 第 210 行.
NOTIC: [8192] Function ereg() is deprecated G:\MyPHPWeb\TpProject\Application\Book\Common\Common\Smtp.class.php 第 210 行.
NOTIC: [8192] Function ereg() is deprecated G:\MyPHPWeb\TpProject\Application\Book\Common\Common\Smtp.class.php 第 210 行.
NOTIC: [8192] Function ereg() is deprecated G:\MyPHPWeb\TpProject\Application\Book\Common\Common\Smtp.class.php 第 210 行.
NOTIC: [8192] Function ereg() is deprecated G:\MyPHPWeb\TpProject\Application\Book\Common\Common\Smtp.class.php 第 210 行.
INFO: [ app_end ] --START--
INFO: Run Behavior\ShowPageTraceBehavior [ RunTime:0.000996s ]
INFO: [ app_end ] --END-- [ RunTime:0.001097s ]

[ 2016-07-13T09:53:37+08:00 ] 127.0.0.1 /User/sendEmailCode
INFO: [ app_begin ] --START--
INFO: Run Behavior\ReadHtmlCacheBehavior [ RunTime:0.000946s ]
INFO: [ app_begin ] --END-- [ RunTime:0.001742s ]
NOTIC: [8] Undefined variable: random_code G:\MyPHPWeb\TpProject\Application\Book\Home\Controller\UserController.class.php 第 232 行.
NOTIC: [8] Undefined variable: random_code G:\MyPHPWeb\TpProject\Application\Book\Home\Controller\UserController.class.php 第 232 行.
NOTIC: [8] Undefined variable: random_code G:\MyPHPWeb\TpProject\Application\Book\Home\Controller\UserController.class.php 第 232 行.
NOTIC: [8] Undefined variable: random_code G:\MyPHPWeb\TpProject\Application\Book\Home\Controller\UserController.class.php 第 232 行.
NOTIC: [8] Undefined variable: random_code G:\MyPHPWeb\TpProject\Application\Book\Home\Controller\UserController.class.php 第 232 行.
NOTIC: [8] Undefined variable: random_code G:\MyPHPWeb\TpProject\Application\Book\Home\Controller\UserController.class.php 第 232 行.
NOTIC: [8] Undefined variable: random_code G:\MyPHPWeb\TpProject\Application\Book\Home\Controller\UserController.class.php 第 236 行.
NOTIC: [8192] Function ereg() is deprecated G:\MyPHPWeb\TpProject\Application\Book\Common\Common\Smtp.class.php 第 256 行.
NOTIC: [8192] Function ereg_replace() is deprecated G:\MyPHPWeb\TpProject\Application\Book\Common\Common\Smtp.class.php 第 264 行.
NOTIC: [8192] Function ereg_replace() is deprecated G:\MyPHPWeb\TpProject\Application\Book\Common\Common\Smtp.class.php 第 265 行.
NOTIC: [8192] Function ereg_replace() is deprecated G:\MyPHPWeb\TpProject\Application\Book\Common\Common\Smtp.class.php 第 46 行.
NOTIC: [8192] Function ereg() is deprecated G:\MyPHPWeb\TpProject\Application\Book\Common\Common\Smtp.class.php 第 256 行.
NOTIC: [8192] Function ereg_replace() is deprecated G:\MyPHPWeb\TpProject\Application\Book\Common\Common\Smtp.class.php 第 264 行.
NOTIC: [8192] Function ereg_replace() is deprecated G:\MyPHPWeb\TpProject\Application\Book\Common\Common\Smtp.class.php 第 265 行.
NOTIC: [8192] Function ereg() is deprecated G:\MyPHPWeb\TpProject\Application\Book\Common\Common\Smtp.class.php 第 210 行.
NOTIC: [8192] Function ereg() is deprecated G:\MyPHPWeb\TpProject\Application\Book\Common\Common\Smtp.class.php 第 210 行.
NOTIC: [8192] Function ereg() is deprecated G:\MyPHPWeb\TpProject\Application\Book\Common\Common\Smtp.class.php 第 210 行.
NOTIC: [8192] Function ereg() is deprecated G:\MyPHPWeb\TpProject\Application\Book\Common\Common\Smtp.class.php 第 210 行.
NOTIC: [8192] Function ereg() is deprecated G:\MyPHPWeb\TpProject\Application\Book\Common\Common\Smtp.class.php 第 210 行.
NOTIC: [8192] Function ereg() is deprecated G:\MyPHPWeb\TpProject\Application\Book\Common\Common\Smtp.class.php 第 210 行.
NOTIC: [8192] Function ereg() is deprecated G:\MyPHPWeb\TpProject\Application\Book\Common\Common\Smtp.class.php 第 210 行.
NOTIC: [8192] Function ereg() is deprecated G:\MyPHPWeb\TpProject\Application\Book\Common\Common\Smtp.class.php 第 210 行.
NOTIC: [8192] Function ereg() is deprecated G:\MyPHPWeb\TpProject\Application\Book\Common\Common\Smtp.class.php 第 210 行.
INFO: [ app_end ] --START--
INFO: Run Behavior\ShowPageTraceBehavior [ RunTime:0.001021s ]
INFO: [ app_end ] --END-- [ RunTime:0.001135s ]

[ 2016-07-13T10:01:29+08:00 ] 127.0.0.1 /User/sendEmailCode
INFO: [ app_begin ] --START--
INFO: Run Behavior\ReadHtmlCacheBehavior [ RunTime:0.000660s ]
INFO: [ app_begin ] --END-- [ RunTime:0.001272s ]
NOTIC: [8] Undefined variable: random_code G:\MyPHPWeb\TpProject\Application\Book\Home\Controller\UserController.class.php 第 233 行.
NOTIC: [8192] Function ereg() is deprecated G:\MyPHPWeb\TpProject\Application\Book\Common\Common\Smtp.class.php 第 256 行.
NOTIC: [8192] Function ereg_replace() is deprecated G:\MyPHPWeb\TpProject\Application\Book\Common\Common\Smtp.class.php 第 264 行.
NOTIC: [8192] Function ereg_replace() is deprecated G:\MyPHPWeb\TpProject\Application\Book\Common\Common\Smtp.class.php 第 265 行.
NOTIC: [8192] Function ereg_replace() is deprecated G:\MyPHPWeb\TpProject\Application\Book\Common\Common\Smtp.class.php 第 46 行.
NOTIC: [8192] Function ereg() is deprecated G:\MyPHPWeb\TpProject\Application\Book\Common\Common\Smtp.class.php 第 256 行.
NOTIC: [8192] Function ereg_replace() is deprecated G:\MyPHPWeb\TpProject\Application\Book\Common\Common\Smtp.class.php 第 264 行.
NOTIC: [8192] Function ereg_replace() is deprecated G:\MyPHPWeb\TpProject\Application\Book\Common\Common\Smtp.class.php 第 265 行.
NOTIC: [8192] Function ereg() is deprecated G:\MyPHPWeb\TpProject\Application\Book\Common\Common\Smtp.class.php 第 210 行.
NOTIC: [8192] Function ereg() is deprecated G:\MyPHPWeb\TpProject\Application\Book\Common\Common\Smtp.class.php 第 210 行.
NOTIC: [8192] Function ereg() is deprecated G:\MyPHPWeb\TpProject\Application\Book\Common\Common\Smtp.class.php 第 210 行.
NOTIC: [8192] Function ereg() is deprecated G:\MyPHPWeb\TpProject\Application\Book\Common\Common\Smtp.class.php 第 210 行.
NOTIC: [8192] Function ereg() is deprecated G:\MyPHPWeb\TpProject\Application\Book\Common\Common\Smtp.class.php 第 210 行.
NOTIC: [8192] Function ereg() is deprecated G:\MyPHPWeb\TpProject\Application\Book\Common\Common\Smtp.class.php 第 210 行.
NOTIC: [8192] Function ereg() is deprecated G:\MyPHPWeb\TpProject\Application\Book\Common\Common\Smtp.class.php 第 210 行.
NOTIC: [8192] Function ereg() is deprecated G:\MyPHPWeb\TpProject\Application\Book\Common\Common\Smtp.class.php 第 210 行.
NOTIC: [8192] Function ereg() is deprecated G:\MyPHPWeb\TpProject\Application\Book\Common\Common\Smtp.class.php 第 210 行.
INFO: [ app_end ] --START--
INFO: Run Behavior\ShowPageTraceBehavior [ RunTime:0.001665s ]
INFO: [ app_end ] --END-- [ RunTime:0.001809s ]

[ 2016-07-13T10:03:10+08:00 ] 127.0.0.1 /User/sendEmailCode
INFO: [ app_begin ] --START--
INFO: Run Behavior\ReadHtmlCacheBehavior [ RunTime:0.000807s ]
INFO: [ app_begin ] --END-- [ RunTime:0.001492s ]
NOTIC: [8] Undefined variable: random_code G:\MyPHPWeb\TpProject\Application\Book\Home\Controller\UserController.class.php 第 233 行.
NOTIC: [8192] Function ereg() is deprecated G:\MyPHPWeb\TpProject\Application\Book\Common\Common\Smtp.class.php 第 256 行.
NOTIC: [8192] Function ereg_replace() is deprecated G:\MyPHPWeb\TpProject\Application\Book\Common\Common\Smtp.class.php 第 264 行.
NOTIC: [8192] Function ereg_replace() is deprecated G:\MyPHPWeb\TpProject\Application\Book\Common\Common\Smtp.class.php 第 265 行.
NOTIC: [8192] Function ereg_replace() is deprecated G:\MyPHPWeb\TpProject\Application\Book\Common\Common\Smtp.class.php 第 46 行.
NOTIC: [8192] Function ereg() is deprecated G:\MyPHPWeb\TpProject\Application\Book\Common\Common\Smtp.class.php 第 256 行.
NOTIC: [8192] Function ereg_replace() is deprecated G:\MyPHPWeb\TpProject\Application\Book\Common\Common\Smtp.class.php 第 264 行.
NOTIC: [8192] Function ereg_replace() is deprecated G:\MyPHPWeb\TpProject\Application\Book\Common\Common\Smtp.class.php 第 265 行.
NOTIC: [8192] Function ereg() is deprecated G:\MyPHPWeb\TpProject\Application\Book\Common\Common\Smtp.class.php 第 210 行.
NOTIC: [8192] Function ereg() is deprecated G:\MyPHPWeb\TpProject\Application\Book\Common\Common\Smtp.class.php 第 210 行.
NOTIC: [8192] Function ereg() is deprecated G:\MyPHPWeb\TpProject\Application\Book\Common\Common\Smtp.class.php 第 210 行.
NOTIC: [8192] Function ereg() is deprecated G:\MyPHPWeb\TpProject\Application\Book\Common\Common\Smtp.class.php 第 210 行.
NOTIC: [8192] Function ereg() is deprecated G:\MyPHPWeb\TpProject\Application\Book\Common\Common\Smtp.class.php 第 210 行.
NOTIC: [8192] Function ereg() is deprecated G:\MyPHPWeb\TpProject\Application\Book\Common\Common\Smtp.class.php 第 210 行.
NOTIC: [8192] Function ereg() is deprecated G:\MyPHPWeb\TpProject\Application\Book\Common\Common\Smtp.class.php 第 210 行.
NOTIC: [8192] Function ereg() is deprecated G:\MyPHPWeb\TpProject\Application\Book\Common\Common\Smtp.class.php 第 210 行.
NOTIC: [8192] Function ereg() is deprecated G:\MyPHPWeb\TpProject\Application\Book\Common\Common\Smtp.class.php 第 210 行.
INFO: [ app_end ] --START--
INFO: Run Behavior\ShowPageTraceBehavior [ RunTime:0.002107s ]
INFO: [ app_end ] --END-- [ RunTime:0.002283s ]

[ 2016-07-13T10:12:32+08:00 ] 127.0.0.1 /User/createRandomCode
ERR: 非法操作:createRandomCode

[ 2016-07-13T10:13:59+08:00 ] 127.0.0.1 /User/sendEmailCode
INFO: [ app_begin ] --START--
INFO: Run Behavior\ReadHtmlCacheBehavior [ RunTime:0.000748s ]
INFO: [ app_begin ] --END-- [ RunTime:0.001461s ]
NOTIC: [8] Undefined variable: random_code G:\MyPHPWeb\TpProject\Application\Book\Home\Controller\UserController.class.php 第 234 行.
NOTIC: [8192] Function ereg() is deprecated G:\MyPHPWeb\TpProject\Application\Book\Common\Common\Smtp.class.php 第 256 行.
NOTIC: [8192] Function ereg_replace() is deprecated G:\MyPHPWeb\TpProject\Application\Book\Common\Common\Smtp.class.php 第 264 行.
NOTIC: [8192] Function ereg_replace() is deprecated G:\MyPHPWeb\TpProject\Application\Book\Common\Common\Smtp.class.php 第 265 行.
NOTIC: [8192] Function ereg_replace() is deprecated G:\MyPHPWeb\TpProject\Application\Book\Common\Common\Smtp.class.php 第 46 行.
NOTIC: [8192] Function ereg() is deprecated G:\MyPHPWeb\TpProject\Application\Book\Common\Common\Smtp.class.php 第 256 行.
NOTIC: [8192] Function ereg_replace() is deprecated G:\MyPHPWeb\TpProject\Application\Book\Common\Common\Smtp.class.php 第 264 行.
NOTIC: [8192] Function ereg_replace() is deprecated G:\MyPHPWeb\TpProject\Application\Book\Common\Common\Smtp.class.php 第 265 行.
NOTIC: [8192] Function ereg() is deprecated G:\MyPHPWeb\TpProject\Application\Book\Common\Common\Smtp.class.php 第 210 行.
NOTIC: [8192] Function ereg() is deprecated G:\MyPHPWeb\TpProject\Application\Book\Common\Common\Smtp.class.php 第 210 行.
NOTIC: [8192] Function ereg() is deprecated G:\MyPHPWeb\TpProject\Application\Book\Common\Common\Smtp.class.php 第 210 行.
NOTIC: [8192] Function ereg() is deprecated G:\MyPHPWeb\TpProject\Application\Book\Common\Common\Smtp.class.php 第 210 行.
NOTIC: [8192] Function ereg() is deprecated G:\MyPHPWeb\TpProject\Application\Book\Common\Common\Smtp.class.php 第 210 行.
NOTIC: [8192] Function ereg() is deprecated G:\MyPHPWeb\TpProject\Application\Book\Common\Common\Smtp.class.php 第 210 行.
NOTIC: [8192] Function ereg() is deprecated G:\MyPHPWeb\TpProject\Application\Book\Common\Common\Smtp.class.php 第 210 行.
NOTIC: [8192] Function ereg() is deprecated G:\MyPHPWeb\TpProject\Application\Book\Common\Common\Smtp.class.php 第 210 行.
NOTIC: [8192] Function ereg() is deprecated G:\MyPHPWeb\TpProject\Application\Book\Common\Common\Smtp.class.php 第 210 行.
INFO: [ app_end ] --START--
INFO: Run Behavior\ShowPageTraceBehavior [ RunTime:0.001499s ]
INFO: [ app_end ] --END-- [ RunTime:0.001671s ]

