[ 2016-06-24T08:49:25+08:00 ] 127.0.0.1 /User/checkLogin
INFO: [ app_begin ] --START--
INFO: Run Behavior\ReadHtmlCacheBehavior [ RunTime:0.000590s ]
INFO: [ app_begin ] --END-- [ RunTime:0.001120s ]
SQL: SHOW COLUMNS FROM `customerinfo` [ RunTime:0.0069s ]
SQL: SELECT `Email`,`NickName`,`State`,`TrueName` FROM `customerinfo` WHERE ( Email='874847721@qq.com' && UserPwd = '123' && DelFlag = 0 )  [ RunTime:0.0002s ]
NOTIC: [8] Undefined index: State G:\MyPHPWeb\TpProject\Application\Book\Home\Controller\UserController.class.php 第 56 行.
INFO: [ app_end ] --START--
INFO: Run Behavior\ShowPageTraceBehavior [ RunTime:0.000818s ]
INFO: [ app_end ] --END-- [ RunTime:0.000873s ]

[ 2016-06-24T10:26:44+08:00 ] 127.0.0.1 /User/checkLogin
INFO: [ app_begin ] --START--
INFO: Run Behavior\ReadHtmlCacheBehavior [ RunTime:0.000720s ]
INFO: [ app_begin ] --END-- [ RunTime:0.001244s ]
SQL: SHOW COLUMNS FROM `customerinfo` [ RunTime:0.0132s ]
SQL: SELECT `Email`,`NickName`,`State`,`TrueName` FROM `customerinfo` WHERE ( Email='874847721@qq.com' && UserPwd = '123' && DelFlag = 0 )  [ RunTime:0.0003s ]
NOTIC: [8] Undefined index: State G:\MyPHPWeb\TpProject\Application\Book\Home\Controller\UserController.class.php 第 56 行.
INFO: [ app_end ] --START--
INFO: Run Behavior\ShowPageTraceBehavior [ RunTime:0.000917s ]
INFO: [ app_end ] --END-- [ RunTime:0.000969s ]

[ 2016-06-24T10:28:13+08:00 ] 127.0.0.1 /Index/User/login
ERR: 非法操作:User

[ 2016-06-24T10:36:55+08:00 ] 127.0.0.1 /User/checkLogin
INFO: [ app_begin ] --START--
INFO: Run Behavior\ReadHtmlCacheBehavior [ RunTime:0.000753s ]
INFO: [ app_begin ] --END-- [ RunTime:0.001434s ]
SQL: SHOW COLUMNS FROM `customerinfo` [ RunTime:0.0132s ]
SQL: SELECT `Email`,`NickName`,`State`,`TrueName` FROM `customerinfo` WHERE ( Email='874847721@qq.com' && UserPwd = '123' && DelFlag = 0 )  [ RunTime:0.0003s ]
NOTIC: [8] Undefined index: State G:\MyPHPWeb\TpProject\Application\Book\Home\Controller\UserController.class.php 第 56 行.
INFO: [ app_end ] --START--
INFO: Run Behavior\ShowPageTraceBehavior [ RunTime:0.001129s ]
INFO: [ app_end ] --END-- [ RunTime:0.001221s ]

[ 2016-06-24T10:56:46+08:00 ] 127.0.0.1 /User/checkLogin
INFO: [ app_begin ] --START--
INFO: Run Behavior\ReadHtmlCacheBehavior [ RunTime:0.000793s ]
INFO: [ app_begin ] --END-- [ RunTime:0.001436s ]
SQL: SHOW COLUMNS FROM `customerinfo` [ RunTime:0.0132s ]
SQL: SELECT `Email`,`NickName`,`State`,`TrueName` FROM `customerinfo` WHERE ( Email='874847721@qq.com' && UserPwd = '123' && DelFlag = 0 )  [ RunTime:0.0003s ]
NOTIC: [8] Undefined index: State G:\MyPHPWeb\TpProject\Application\Book\Home\Controller\UserController.class.php 第 59 行.

[ 2016-06-24T10:56:47+08:00 ] 127.0.0.1 /Index
INFO: [ app_begin ] --START--
INFO: Run Behavior\ReadHtmlCacheBehavior [ RunTime:0.000622s ]
INFO: [ app_begin ] --END-- [ RunTime:0.001207s ]
INFO: [ view_parse ] --START--
INFO: [ template_filter ] --START--
INFO: Run Behavior\ContentReplaceBehavior [ RunTime:0.000058s ]
INFO: [ template_filter ] --END-- [ RunTime:0.000130s ]
INFO: Run Behavior\ParseTemplateBehavior [ RunTime:0.008122s ]
INFO: [ view_parse ] --END-- [ RunTime:0.008190s ]
INFO: [ view_filter ] --START--
INFO: Run Behavior\WriteHtmlCacheBehavior [ RunTime:0.000400s ]
INFO: [ view_filter ] --END-- [ RunTime:0.000443s ]
INFO: [ app_end ] --START--
INFO: Run Behavior\ShowPageTraceBehavior [ RunTime:0.000604s ]
INFO: [ app_end ] --END-- [ RunTime:0.000650s ]

[ 2016-06-24T10:56:49+08:00 ] 127.0.0.1 /User/checkLogin
INFO: [ app_begin ] --START--
INFO: Run Behavior\ReadHtmlCacheBehavior [ RunTime:0.000583s ]
INFO: [ app_begin ] --END-- [ RunTime:0.001077s ]
SQL: SHOW COLUMNS FROM `customerinfo` [ RunTime:0.0130s ]
SQL: SELECT `Email`,`NickName`,`State`,`TrueName` FROM `customerinfo` WHERE ( Email='874847721@qq.com' && UserPwd = '123' && DelFlag = 0 )  [ RunTime:0.0002s ]
NOTIC: [8] Undefined index: State G:\MyPHPWeb\TpProject\Application\Book\Home\Controller\UserController.class.php 第 59 行.

[ 2016-06-24T10:56:49+08:00 ] 127.0.0.1 /Index
INFO: [ app_begin ] --START--
INFO: Run Behavior\ReadHtmlCacheBehavior [ RunTime:0.000588s ]
INFO: [ app_begin ] --END-- [ RunTime:0.001064s ]
INFO: [ view_parse ] --START--
INFO: [ template_filter ] --START--
INFO: Run Behavior\ContentReplaceBehavior [ RunTime:0.000062s ]
INFO: [ template_filter ] --END-- [ RunTime:0.000139s ]
INFO: Run Behavior\ParseTemplateBehavior [ RunTime:0.008023s ]
INFO: [ view_parse ] --END-- [ RunTime:0.008088s ]
INFO: [ view_filter ] --START--
INFO: Run Behavior\WriteHtmlCacheBehavior [ RunTime:0.000380s ]
INFO: [ view_filter ] --END-- [ RunTime:0.000431s ]
INFO: [ app_end ] --START--
INFO: Run Behavior\ShowPageTraceBehavior [ RunTime:0.000580s ]
INFO: [ app_end ] --END-- [ RunTime:0.000627s ]

[ 2016-06-24T10:56:55+08:00 ] 127.0.0.1 /User/checkLogin
INFO: [ app_begin ] --START--
INFO: Run Behavior\ReadHtmlCacheBehavior [ RunTime:0.000651s ]
INFO: [ app_begin ] --END-- [ RunTime:0.001201s ]
SQL: SHOW COLUMNS FROM `customerinfo` [ RunTime:0.0131s ]
SQL: SELECT `Email`,`NickName`,`State`,`TrueName` FROM `customerinfo` WHERE ( Email='874847721@qq.com' && UserPwd = '123' && DelFlag = 0 )  [ RunTime:0.0003s ]
NOTIC: [8] Undefined index: State G:\MyPHPWeb\TpProject\Application\Book\Home\Controller\UserController.class.php 第 59 行.

[ 2016-06-24T10:56:55+08:00 ] 127.0.0.1 /Index
INFO: [ app_begin ] --START--
INFO: Run Behavior\ReadHtmlCacheBehavior [ RunTime:0.000573s ]
INFO: [ app_begin ] --END-- [ RunTime:0.001018s ]
INFO: [ view_parse ] --START--
INFO: [ template_filter ] --START--
INFO: Run Behavior\ContentReplaceBehavior [ RunTime:0.000052s ]
INFO: [ template_filter ] --END-- [ RunTime:0.000114s ]
INFO: Run Behavior\ParseTemplateBehavior [ RunTime:0.008336s ]
INFO: [ view_parse ] --END-- [ RunTime:0.008401s ]
INFO: [ view_filter ] --START--
INFO: Run Behavior\WriteHtmlCacheBehavior [ RunTime:0.000393s ]
INFO: [ view_filter ] --END-- [ RunTime:0.000437s ]
INFO: [ app_end ] --START--
INFO: Run Behavior\ShowPageTraceBehavior [ RunTime:0.000608s ]
INFO: [ app_end ] --END-- [ RunTime:0.000654s ]

[ 2016-06-24T11:01:37+08:00 ] 127.0.0.1 /User/checkLogin
INFO: [ app_begin ] --START--
INFO: Run Behavior\ReadHtmlCacheBehavior [ RunTime:0.000603s ]
INFO: [ app_begin ] --END-- [ RunTime:0.001110s ]
SQL: SHOW COLUMNS FROM `customerinfo` [ RunTime:0.0145s ]
SQL: SELECT `Email`,`NickName`,`State`,`TrueName` FROM `customerinfo` WHERE ( Email='874847721@qq.com' && UserPwd = '123' && DelFlag = 0 )  [ RunTime:0.0003s ]
NOTIC: [8] Undefined index: State G:\MyPHPWeb\TpProject\Application\Book\Home\Controller\UserController.class.php 第 59 行.

[ 2016-06-24T11:01:37+08:00 ] 127.0.0.1 /Index
INFO: [ app_begin ] --START--
INFO: Run Behavior\ReadHtmlCacheBehavior [ RunTime:0.000552s ]
INFO: [ app_begin ] --END-- [ RunTime:0.000979s ]
INFO: [ view_parse ] --START--
INFO: [ template_filter ] --START--
INFO: Run Behavior\ContentReplaceBehavior [ RunTime:0.000057s ]
INFO: [ template_filter ] --END-- [ RunTime:0.000126s ]
INFO: Run Behavior\ParseTemplateBehavior [ RunTime:0.008429s ]
INFO: [ view_parse ] --END-- [ RunTime:0.008504s ]
INFO: [ view_filter ] --START--
INFO: Run Behavior\WriteHtmlCacheBehavior [ RunTime:0.000392s ]
INFO: [ view_filter ] --END-- [ RunTime:0.000440s ]
INFO: [ app_end ] --START--
INFO: Run Behavior\ShowPageTraceBehavior [ RunTime:0.000602s ]
INFO: [ app_end ] --END-- [ RunTime:0.000654s ]

[ 2016-06-24T11:01:48+08:00 ] 127.0.0.1 /User/checkLogin
INFO: [ app_begin ] --START--
INFO: Run Behavior\ReadHtmlCacheBehavior [ RunTime:0.000681s ]
INFO: [ app_begin ] --END-- [ RunTime:0.001351s ]
SQL: SHOW COLUMNS FROM `customerinfo` [ RunTime:0.0129s ]
SQL: SELECT `Email`,`NickName`,`State`,`TrueName` FROM `customerinfo` WHERE ( Email='874847721@qq.com' && UserPwd = '123' && DelFlag = 0 )  [ RunTime:0.0003s ]
NOTIC: [8] Undefined index: State G:\MyPHPWeb\TpProject\Application\Book\Home\Controller\UserController.class.php 第 59 行.

[ 2016-06-24T11:01:48+08:00 ] 127.0.0.1 /Index
INFO: [ app_begin ] --START--
INFO: Run Behavior\ReadHtmlCacheBehavior [ RunTime:0.000675s ]
INFO: [ app_begin ] --END-- [ RunTime:0.001169s ]
INFO: [ view_parse ] --START--
INFO: [ template_filter ] --START--
INFO: Run Behavior\ContentReplaceBehavior [ RunTime:0.000057s ]
INFO: [ template_filter ] --END-- [ RunTime:0.000125s ]
INFO: Run Behavior\ParseTemplateBehavior [ RunTime:0.009680s ]
INFO: [ view_parse ] --END-- [ RunTime:0.009749s ]
INFO: [ view_filter ] --START--
INFO: Run Behavior\WriteHtmlCacheBehavior [ RunTime:0.000417s ]
INFO: [ view_filter ] --END-- [ RunTime:0.000460s ]
INFO: [ app_end ] --START--
INFO: Run Behavior\ShowPageTraceBehavior [ RunTime:0.000640s ]
INFO: [ app_end ] --END-- [ RunTime:0.000693s ]

[ 2016-06-24T11:02:00+08:00 ] 127.0.0.1 /User/checkLogin
INFO: [ app_begin ] --START--
INFO: Run Behavior\ReadHtmlCacheBehavior [ RunTime:0.000807s ]
INFO: [ app_begin ] --END-- [ RunTime:0.001392s ]
SQL: SHOW COLUMNS FROM `customerinfo` [ RunTime:0.0134s ]
SQL: SELECT `Email`,`NickName`,`State`,`TrueName` FROM `customerinfo` WHERE ( Email='874847721@qq.com' && UserPwd = '123' && DelFlag = 0 )  [ RunTime:0.0003s ]
NOTIC: [8] Undefined index: State G:\MyPHPWeb\TpProject\Application\Book\Home\Controller\UserController.class.php 第 59 行.
NOTIC: [8] Undefined variable: Referer G:\MyPHPWeb\TpProject\Application\Book\Home\Controller\UserController.class.php 第 66 行.

[ 2016-06-24T11:02:31+08:00 ] 127.0.0.1 /User/checkLogin
INFO: [ app_begin ] --START--
INFO: Run Behavior\ReadHtmlCacheBehavior [ RunTime:0.000658s ]
INFO: [ app_begin ] --END-- [ RunTime:0.001274s ]
SQL: SHOW COLUMNS FROM `customerinfo` [ RunTime:0.0062s ]
SQL: SELECT `Email`,`NickName`,`State`,`TrueName` FROM `customerinfo` WHERE ( Email='874847721@qq.com' && UserPwd = '123' && DelFlag = 0 )  [ RunTime:0.0002s ]
NOTIC: [8] Undefined index: State G:\MyPHPWeb\TpProject\Application\Book\Home\Controller\UserController.class.php 第 59 行.
NOTIC: [8] Undefined variable: Referer G:\MyPHPWeb\TpProject\Application\Book\Home\Controller\UserController.class.php 第 66 行.

[ 2016-06-24T11:02:38+08:00 ] 127.0.0.1 /User/checkLogin
INFO: [ app_begin ] --START--
INFO: Run Behavior\ReadHtmlCacheBehavior [ RunTime:0.000659s ]
INFO: [ app_begin ] --END-- [ RunTime:0.001345s ]
SQL: SHOW COLUMNS FROM `customerinfo` [ RunTime:0.0162s ]
SQL: SELECT `Email`,`NickName`,`State`,`TrueName` FROM `customerinfo` WHERE ( Email='874847721@qq.com' && UserPwd = '123' && DelFlag = 0 )  [ RunTime:0.0002s ]
NOTIC: [8] Undefined index: State G:\MyPHPWeb\TpProject\Application\Book\Home\Controller\UserController.class.php 第 59 行.
NOTIC: [8] Undefined variable: Referer G:\MyPHPWeb\TpProject\Application\Book\Home\Controller\UserController.class.php 第 66 行.

[ 2016-06-24T12:49:39+08:00 ] 127.0.0.1 /User/checkLogin
INFO: [ app_begin ] --START--
INFO: Run Behavior\ReadHtmlCacheBehavior [ RunTime:0.000783s ]
INFO: [ app_begin ] --END-- [ RunTime:0.001428s ]
SQL: SHOW COLUMNS FROM `customerinfo` [ RunTime:0.0073s ]
SQL: SELECT `Email`,`NickName`,`State`,`TrueName` FROM `customerinfo` WHERE ( Email='874847721@qq.com' && UserPwd = '123' && DelFlag = 0 )  [ RunTime:0.0002s ]
NOTIC: [8] Undefined index: State G:\MyPHPWeb\TpProject\Application\Book\Home\Controller\UserController.class.php 第 59 行.
NOTIC: [8] Undefined variable: Referer G:\MyPHPWeb\TpProject\Application\Book\Home\Controller\UserController.class.php 第 66 行.

[ 2016-06-24T12:51:56+08:00 ] 127.0.0.1 /User/checkLogin
INFO: [ app_begin ] --START--
INFO: Run Behavior\ReadHtmlCacheBehavior [ RunTime:0.000743s ]
INFO: [ app_begin ] --END-- [ RunTime:0.001291s ]
SQL: SHOW COLUMNS FROM `customerinfo` [ RunTime:0.0065s ]
SQL: SELECT `Email`,`NickName`,`State`,`TrueName` FROM `customerinfo` WHERE ( Email='874847721@qq.com' && UserPwd = '123' && DelFlag = 0 )  [ RunTime:0.0003s ]
NOTIC: [8] Undefined index: State G:\MyPHPWeb\TpProject\Application\Book\Home\Controller\UserController.class.php 第 59 行.

[ 2016-06-24T12:51:57+08:00 ] 127.0.0.1 /Index/
INFO: [ app_begin ] --START--
INFO: Run Behavior\ReadHtmlCacheBehavior [ RunTime:0.000669s ]
INFO: [ app_begin ] --END-- [ RunTime:0.001207s ]
INFO: [ view_parse ] --START--
INFO: [ template_filter ] --START--
INFO: Run Behavior\ContentReplaceBehavior [ RunTime:0.000055s ]
INFO: [ template_filter ] --END-- [ RunTime:0.000122s ]
INFO: Run Behavior\ParseTemplateBehavior [ RunTime:0.008394s ]
INFO: [ view_parse ] --END-- [ RunTime:0.008468s ]
INFO: [ view_filter ] --START--
INFO: Run Behavior\WriteHtmlCacheBehavior [ RunTime:0.000380s ]
INFO: [ view_filter ] --END-- [ RunTime:0.000423s ]
INFO: [ app_end ] --START--
INFO: Run Behavior\ShowPageTraceBehavior [ RunTime:0.000648s ]
INFO: [ app_end ] --END-- [ RunTime:0.000697s ]

[ 2016-06-24T12:52:01+08:00 ] 127.0.0.1 /User/checkLogin
INFO: [ app_begin ] --START--
INFO: Run Behavior\ReadHtmlCacheBehavior [ RunTime:0.001081s ]
INFO: [ app_begin ] --END-- [ RunTime:0.001925s ]
SQL: SHOW COLUMNS FROM `customerinfo` [ RunTime:0.0129s ]
SQL: SELECT `Email`,`NickName`,`State`,`TrueName` FROM `customerinfo` WHERE ( Email='874847721@qq.com' && UserPwd = '123' && DelFlag = 0 )  [ RunTime:0.0003s ]
NOTIC: [8] Undefined index: State G:\MyPHPWeb\TpProject\Application\Book\Home\Controller\UserController.class.php 第 59 行.

[ 2016-06-24T12:52:01+08:00 ] 127.0.0.1 /Index/
INFO: [ app_begin ] --START--
INFO: Run Behavior\ReadHtmlCacheBehavior [ RunTime:0.000653s ]
INFO: [ app_begin ] --END-- [ RunTime:0.001111s ]
INFO: [ view_parse ] --START--
INFO: [ template_filter ] --START--
INFO: Run Behavior\ContentReplaceBehavior [ RunTime:0.000057s ]
INFO: [ template_filter ] --END-- [ RunTime:0.000131s ]
INFO: Run Behavior\ParseTemplateBehavior [ RunTime:0.008939s ]
INFO: [ view_parse ] --END-- [ RunTime:0.009031s ]
INFO: [ view_filter ] --START--
INFO: Run Behavior\WriteHtmlCacheBehavior [ RunTime:0.000602s ]
INFO: [ view_filter ] --END-- [ RunTime:0.000668s ]
INFO: [ app_end ] --START--
INFO: Run Behavior\ShowPageTraceBehavior [ RunTime:0.000641s ]
INFO: [ app_end ] --END-- [ RunTime:0.000720s ]

[ 2016-06-24T12:55:24+08:00 ] 127.0.0.1 /User/checkLogin
INFO: [ app_begin ] --START--
INFO: Run Behavior\ReadHtmlCacheBehavior [ RunTime:0.001691s ]
INFO: [ app_begin ] --END-- [ RunTime:0.002500s ]
SQL: SHOW COLUMNS FROM `customerinfo` [ RunTime:0.0128s ]
SQL: SELECT `Email`,`NickName`,`State`,`TrueName` FROM `customerinfo` WHERE ( Email='874847721@qq.com' && UserPwd = '123' && DelFlag = 0 )  [ RunTime:0.0002s ]
NOTIC: [8] Undefined index: State G:\MyPHPWeb\TpProject\Application\Book\Home\Controller\UserController.class.php 第 59 行.

[ 2016-06-24T12:55:24+08:00 ] 127.0.0.1 /Index
INFO: [ app_begin ] --START--
INFO: Run Behavior\ReadHtmlCacheBehavior [ RunTime:0.000616s ]
INFO: [ app_begin ] --END-- [ RunTime:0.001515s ]
INFO: [ view_parse ] --START--
INFO: [ template_filter ] --START--
INFO: Run Behavior\ContentReplaceBehavior [ RunTime:0.000060s ]
INFO: [ template_filter ] --END-- [ RunTime:0.000149s ]
INFO: Run Behavior\ParseTemplateBehavior [ RunTime:0.010307s ]
INFO: [ view_parse ] --END-- [ RunTime:0.010378s ]
INFO: [ view_filter ] --START--
INFO: Run Behavior\WriteHtmlCacheBehavior [ RunTime:0.000492s ]
INFO: [ view_filter ] --END-- [ RunTime:0.000538s ]
INFO: [ app_end ] --START--
INFO: Run Behavior\ShowPageTraceBehavior [ RunTime:0.000676s ]
INFO: [ app_end ] --END-- [ RunTime:0.000726s ]

[ 2016-06-24T15:03:21+08:00 ] 127.0.0.1 /User/checkLogin
INFO: [ app_begin ] --START--
INFO: Run Behavior\ReadHtmlCacheBehavior [ RunTime:0.000664s ]
INFO: [ app_begin ] --END-- [ RunTime:0.001203s ]
SQL: SHOW COLUMNS FROM `customerinfo` [ RunTime:0.0157s ]
SQL: SELECT `Email`,`NickName`,`State`,`TrueName` FROM `customerinfo` WHERE ( Email='874847721@qq.com' && UserPwd = '123' && DelFlag = 0 )  [ RunTime:0.0003s ]
NOTIC: [8] Undefined index: State G:\MyPHPWeb\TpProject\Application\Book\Home\Controller\UserController.class.php 第 59 行.
INFO: [ app_end ] --START--
INFO: Run Behavior\ShowPageTraceBehavior [ RunTime:0.000719s ]
INFO: [ app_end ] --END-- [ RunTime:0.000780s ]

[ 2016-06-24T15:03:26+08:00 ] 127.0.0.1 /User/checkLogin
INFO: [ app_begin ] --START--
INFO: Run Behavior\ReadHtmlCacheBehavior [ RunTime:0.000853s ]
INFO: [ app_begin ] --END-- [ RunTime:0.001521s ]
SQL: SHOW COLUMNS FROM `customerinfo` [ RunTime:0.0134s ]
SQL: SELECT `Email`,`NickName`,`State`,`TrueName` FROM `customerinfo` WHERE ( Email='874847721@qq.com' && UserPwd = '123' && DelFlag = 0 )  [ RunTime:0.0002s ]
NOTIC: [8] Undefined index: State G:\MyPHPWeb\TpProject\Application\Book\Home\Controller\UserController.class.php 第 59 行.
INFO: [ app_end ] --START--
INFO: Run Behavior\ShowPageTraceBehavior [ RunTime:0.000718s ]
INFO: [ app_end ] --END-- [ RunTime:0.000771s ]

[ 2016-06-24T15:05:30+08:00 ] 127.0.0.1 /User/checkLogin
INFO: [ app_begin ] --START--
INFO: Run Behavior\ReadHtmlCacheBehavior [ RunTime:0.000673s ]
INFO: [ app_begin ] --END-- [ RunTime:0.001204s ]
SQL: SHOW COLUMNS FROM `customerinfo` [ RunTime:0.0130s ]
SQL: SELECT `Email`,`NickName`,`State`,`TrueName` FROM `customerinfo` WHERE ( Email='874847721@qq.com' && UserPwd = '123' && DelFlag = 0 )  [ RunTime:0.0002s ]
NOTIC: [8] Undefined index: State G:\MyPHPWeb\TpProject\Application\Book\Home\Controller\UserController.class.php 第 59 行.
INFO: [ app_end ] --START--
INFO: Run Behavior\ShowPageTraceBehavior [ RunTime:0.000692s ]
INFO: [ app_end ] --END-- [ RunTime:0.000761s ]

[ 2016-06-24T15:05:49+08:00 ] 127.0.0.1 /User/checkLogin
INFO: [ app_begin ] --START--
INFO: Run Behavior\ReadHtmlCacheBehavior [ RunTime:0.000774s ]
INFO: [ app_begin ] --END-- [ RunTime:0.001289s ]
SQL: SHOW COLUMNS FROM `customerinfo` [ RunTime:0.0133s ]
SQL: SELECT `Email`,`NickName`,`State`,`TrueName` FROM `customerinfo` WHERE ( Email='874847721@qq.com' && UserPwd = '123' && DelFlag = 0 )  [ RunTime:0.0003s ]
NOTIC: [8] Undefined index: State G:\MyPHPWeb\TpProject\Application\Book\Home\Controller\UserController.class.php 第 59 行.
INFO: [ app_end ] --START--
INFO: Run Behavior\ShowPageTraceBehavior [ RunTime:0.000878s ]
INFO: [ app_end ] --END-- [ RunTime:0.000930s ]

[ 2016-06-24T15:07:25+08:00 ] 127.0.0.1 /User/checkLogin
INFO: [ app_begin ] --START--
INFO: Run Behavior\ReadHtmlCacheBehavior [ RunTime:0.000650s ]
INFO: [ app_begin ] --END-- [ RunTime:0.001194s ]
SQL: SHOW COLUMNS FROM `customerinfo` [ RunTime:0.0063s ]
SQL: SELECT `Email`,`NickName`,`State`,`TrueName` FROM `customerinfo` WHERE ( Email='874847721@qq.com' && UserPwd = '123' && DelFlag = 0 )  [ RunTime:0.0003s ]
NOTIC: [8] Undefined index: State G:\MyPHPWeb\TpProject\Application\Book\Home\Controller\UserController.class.php 第 59 行.
INFO: [ app_end ] --START--
INFO: Run Behavior\ShowPageTraceBehavior [ RunTime:0.000729s ]
INFO: [ app_end ] --END-- [ RunTime:0.000784s ]

[ 2016-06-24T15:08:04+08:00 ] 127.0.0.1 /User/checkLogin
INFO: [ app_begin ] --START--
INFO: Run Behavior\ReadHtmlCacheBehavior [ RunTime:0.000947s ]
INFO: [ app_begin ] --END-- [ RunTime:0.001654s ]
SQL: SHOW COLUMNS FROM `customerinfo` [ RunTime:0.0132s ]
SQL: SELECT `Email`,`NickName`,`State`,`TrueName` FROM `customerinfo` WHERE ( Email='874847721@qq.com' && UserPwd = '123' && DelFlag = 0 )  [ RunTime:0.0003s ]
NOTIC: [8] Undefined index: State G:\MyPHPWeb\TpProject\Application\Book\Home\Controller\UserController.class.php 第 59 行.
INFO: [ app_end ] --START--
INFO: Run Behavior\ShowPageTraceBehavior [ RunTime:0.000848s ]
INFO: [ app_end ] --END-- [ RunTime:0.000907s ]

[ 2016-06-24T15:12:17+08:00 ] 127.0.0.1 /User/checkLogin
INFO: [ app_begin ] --START--
INFO: Run Behavior\ReadHtmlCacheBehavior [ RunTime:0.000626s ]
INFO: [ app_begin ] --END-- [ RunTime:0.001168s ]
SQL: SHOW COLUMNS FROM `customerinfo` [ RunTime:0.0131s ]
SQL: SELECT `Email`,`NickName`,`State`,`TrueName` FROM `customerinfo` WHERE ( Email='874847721@qq.com' && UserPwd = '123' && DelFlag = 0 )  [ RunTime:0.0003s ]
NOTIC: [8] Undefined index: State G:\MyPHPWeb\TpProject\Application\Book\Home\Controller\UserController.class.php 第 59 行.
INFO: [ app_end ] --START--
INFO: Run Behavior\ShowPageTraceBehavior [ RunTime:0.000732s ]
INFO: [ app_end ] --END-- [ RunTime:0.000792s ]

[ 2016-06-24T15:27:27+08:00 ] 127.0.0.1 /User/checkLogin
INFO: [ app_begin ] --START--
INFO: Run Behavior\ReadHtmlCacheBehavior [ RunTime:0.000766s ]
INFO: [ app_begin ] --END-- [ RunTime:0.001489s ]
SQL: SHOW COLUMNS FROM `customerinfo` [ RunTime:0.0128s ]
SQL: SELECT `Email`,`NickName`,`State`,`TrueName` FROM `customerinfo` WHERE ( Email='874847721@qq.com' && UserPwd = '123' && DelFlag = 0 )  [ RunTime:0.0003s ]
NOTIC: [8] Undefined index: State G:\MyPHPWeb\TpProject\Application\Book\Home\Controller\UserController.class.php 第 65 行.
INFO: [ app_end ] --START--
INFO: Run Behavior\ShowPageTraceBehavior [ RunTime:0.000763s ]
INFO: [ app_end ] --END-- [ RunTime:0.000827s ]

[ 2016-06-24T16:34:50+08:00 ] 127.0.0.1 /User/checkLogin
INFO: [ app_begin ] --START--
INFO: Run Behavior\ReadHtmlCacheBehavior [ RunTime:0.000613s ]
INFO: [ app_begin ] --END-- [ RunTime:0.001183s ]
SQL: SHOW COLUMNS FROM `customerinfo` [ RunTime:0.0136s ]
SQL: SELECT `Email`,`NickName`,`State`,`TrueName` FROM `customerinfo` WHERE ( Email='874847721@qq.com' && UserPwd = '123' && DelFlag = 0 )  [ RunTime:0.0009s ]
NOTIC: [8] Undefined index: State G:\MyPHPWeb\TpProject\Application\Book\Home\Controller\UserController.class.php 第 67 行.
INFO: [ app_end ] --START--
INFO: Run Behavior\ShowPageTraceBehavior [ RunTime:0.001204s ]
INFO: [ app_end ] --END-- [ RunTime:0.001304s ]

