[ 2016-07-17T08:42:11+08:00 ] 127.0.0.1 /User/checkLogin
INFO: [ app_begin ] --START--
INFO: Run Behavior\ReadHtmlCacheBehavior [ RunTime:0.000607s ]
INFO: [ app_begin ] --END-- [ RunTime:0.001145s ]
SQL: SHOW COLUMNS FROM `customerinfo` [ RunTime:0.0075s ]
SQL: SELECT `Email`,`NickName`,`State`,`TrueName` FROM `customerinfo` WHERE ( Email='874847721@qq.com' && UserPwd = '123' && DelFlag = 0 )  [ RunTime:0.0003s ]
NOTIC: [8] Undefined index: State G:\MyPHPWeb\TpProject\Application\Book\Home\Controller\UserController.class.php 第 68 行.
INFO: [ app_end ] --START--
INFO: Run Behavior\ShowPageTraceBehavior [ RunTime:0.000895s ]
INFO: [ app_end ] --END-- [ RunTime:0.000965s ]

[ 2016-07-17T08:44:36+08:00 ] 127.0.0.1 /User/checkLogin
INFO: [ app_begin ] --START--
INFO: Run Behavior\ReadHtmlCacheBehavior [ RunTime:0.000751s ]
INFO: [ app_begin ] --END-- [ RunTime:0.001395s ]
SQL: SHOW COLUMNS FROM `customerinfo` [ RunTime:0.0122s ]
SQL: SELECT `Email`,`NickName`,`State`,`TrueName` FROM `customerinfo` WHERE ( Email='874847721@qq.com' && UserPwd = '123' && DelFlag = 0 )  [ RunTime:0.0003s ]
NOTIC: [8] Undefined index: State G:\MyPHPWeb\TpProject\Application\Book\Home\Controller\UserController.class.php 第 68 行.
INFO: [ app_end ] --START--
INFO: Run Behavior\ShowPageTraceBehavior [ RunTime:0.000809s ]
INFO: [ app_end ] --END-- [ RunTime:0.000872s ]

[ 2016-07-17T08:46:51+08:00 ] 127.0.0.1 /User/checkLogin
INFO: [ app_begin ] --START--
INFO: Run Behavior\ReadHtmlCacheBehavior [ RunTime:0.000885s ]
INFO: [ app_begin ] --END-- [ RunTime:0.001546s ]
SQL: SHOW COLUMNS FROM `customerinfo` [ RunTime:0.0123s ]
SQL: SELECT `Email`,`NickName`,`State`,`TrueName` FROM `customerinfo` WHERE ( Email='874847721' && UserPwd = '12' && DelFlag = 0 )  [ RunTime:0.0029s ]
INFO: [ app_end ] --START--
INFO: Run Behavior\ShowPageTraceBehavior [ RunTime:0.001047s ]
INFO: [ app_end ] --END-- [ RunTime:0.001112s ]

[ 2016-07-17T08:47:02+08:00 ] 127.0.0.1 /User/checkLogin
INFO: [ app_begin ] --START--
INFO: Run Behavior\ReadHtmlCacheBehavior [ RunTime:0.000688s ]
INFO: [ app_begin ] --END-- [ RunTime:0.001218s ]
SQL: SHOW COLUMNS FROM `customerinfo` [ RunTime:0.0111s ]
SQL: SELECT `Email`,`NickName`,`State`,`TrueName` FROM `customerinfo` WHERE ( Email='874847721@qq.com' && UserPwd = '123' && DelFlag = 0 )  [ RunTime:0.0003s ]
NOTIC: [8] Undefined index: State G:\MyPHPWeb\TpProject\Application\Book\Home\Controller\UserController.class.php 第 68 行.
INFO: [ app_end ] --START--
INFO: Run Behavior\ShowPageTraceBehavior [ RunTime:0.000762s ]
INFO: [ app_end ] --END-- [ RunTime:0.000817s ]

[ 2016-07-17T11:00:27+08:00 ] 127.0.0.1 /User/sendEmailCode
INFO: [ app_begin ] --START--
INFO: Run Behavior\ReadHtmlCacheBehavior [ RunTime:0.000613s ]
INFO: [ app_begin ] --END-- [ RunTime:0.001074s ]
NOTIC: [8] Undefined variable: random_code G:\MyPHPWeb\TpProject\Application\Book\Home\Controller\UserController.class.php 第 238 行.
NOTIC: [8192] Function ereg() is deprecated G:\MyPHPWeb\TpProject\Application\Book\Common\Common\Smtp.class.php 第 256 行.
NOTIC: [8192] Function ereg_replace() is deprecated G:\MyPHPWeb\TpProject\Application\Book\Common\Common\Smtp.class.php 第 264 行.
NOTIC: [8192] Function ereg_replace() is deprecated G:\MyPHPWeb\TpProject\Application\Book\Common\Common\Smtp.class.php 第 265 行.
NOTIC: [8192] Function ereg_replace() is deprecated G:\MyPHPWeb\TpProject\Application\Book\Common\Common\Smtp.class.php 第 46 行.
NOTIC: [8192] Function ereg() is deprecated G:\MyPHPWeb\TpProject\Application\Book\Common\Common\Smtp.class.php 第 256 行.
NOTIC: [8192] Function ereg_replace() is deprecated G:\MyPHPWeb\TpProject\Application\Book\Common\Common\Smtp.class.php 第 264 行.
NOTIC: [8192] Function ereg_replace() is deprecated G:\MyPHPWeb\TpProject\Application\Book\Common\Common\Smtp.class.php 第 265 行.
NOTIC: [8192] Function ereg() is deprecated G:\MyPHPWeb\TpProject\Application\Book\Common\Common\Smtp.class.php 第 210 行.
NOTIC: [8192] Function ereg() is deprecated G:\MyPHPWeb\TpProject\Application\Book\Common\Common\Smtp.class.php 第 210 行.
NOTIC: [8192] Function ereg() is deprecated G:\MyPHPWeb\TpProject\Application\Book\Common\Common\Smtp.class.php 第 210 行.
NOTIC: [8192] Function ereg() is deprecated G:\MyPHPWeb\TpProject\Application\Book\Common\Common\Smtp.class.php 第 210 行.
NOTIC: [8192] Function ereg() is deprecated G:\MyPHPWeb\TpProject\Application\Book\Common\Common\Smtp.class.php 第 210 行.
NOTIC: [8192] Function ereg() is deprecated G:\MyPHPWeb\TpProject\Application\Book\Common\Common\Smtp.class.php 第 210 行.
NOTIC: [8192] Function ereg() is deprecated G:\MyPHPWeb\TpProject\Application\Book\Common\Common\Smtp.class.php 第 210 行.
NOTIC: [8192] Function ereg() is deprecated G:\MyPHPWeb\TpProject\Application\Book\Common\Common\Smtp.class.php 第 210 行.
NOTIC: [8192] Function ereg() is deprecated G:\MyPHPWeb\TpProject\Application\Book\Common\Common\Smtp.class.php 第 210 行.
INFO: [ app_end ] --START--
INFO: Run Behavior\ShowPageTraceBehavior [ RunTime:0.001814s ]
INFO: [ app_end ] --END-- [ RunTime:0.001967s ]

[ 2016-07-17T11:08:32+08:00 ] 127.0.0.1 /User/sendEmailCode
INFO: [ app_begin ] --START--
INFO: Run Behavior\ReadHtmlCacheBehavior [ RunTime:0.000832s ]
INFO: [ app_begin ] --END-- [ RunTime:0.001417s ]
INFO: [ app_end ] --START--
INFO: Run Behavior\ShowPageTraceBehavior [ RunTime:0.000846s ]
INFO: [ app_end ] --END-- [ RunTime:0.000938s ]

[ 2016-07-17T11:08:44+08:00 ] 127.0.0.1 /User/sendEmailCode
INFO: [ app_begin ] --START--
INFO: Run Behavior\ReadHtmlCacheBehavior [ RunTime:0.000623s ]
INFO: [ app_begin ] --END-- [ RunTime:0.001131s ]
NOTIC: [8] Undefined variable: random_code G:\MyPHPWeb\TpProject\Application\Book\Home\Controller\UserController.class.php 第 238 行.
NOTIC: [8192] Function ereg() is deprecated G:\MyPHPWeb\TpProject\Application\Book\Common\Common\Smtp.class.php 第 256 行.
NOTIC: [8192] Function ereg_replace() is deprecated G:\MyPHPWeb\TpProject\Application\Book\Common\Common\Smtp.class.php 第 264 行.
NOTIC: [8192] Function ereg_replace() is deprecated G:\MyPHPWeb\TpProject\Application\Book\Common\Common\Smtp.class.php 第 265 行.
NOTIC: [8192] Function ereg_replace() is deprecated G:\MyPHPWeb\TpProject\Application\Book\Common\Common\Smtp.class.php 第 46 行.
NOTIC: [8192] Function ereg() is deprecated G:\MyPHPWeb\TpProject\Application\Book\Common\Common\Smtp.class.php 第 256 行.
NOTIC: [8192] Function ereg_replace() is deprecated G:\MyPHPWeb\TpProject\Application\Book\Common\Common\Smtp.class.php 第 264 行.
NOTIC: [8192] Function ereg_replace() is deprecated G:\MyPHPWeb\TpProject\Application\Book\Common\Common\Smtp.class.php 第 265 行.
NOTIC: [8192] Function ereg() is deprecated G:\MyPHPWeb\TpProject\Application\Book\Common\Common\Smtp.class.php 第 210 行.
NOTIC: [8192] Function ereg() is deprecated G:\MyPHPWeb\TpProject\Application\Book\Common\Common\Smtp.class.php 第 210 行.
NOTIC: [8192] Function ereg() is deprecated G:\MyPHPWeb\TpProject\Application\Book\Common\Common\Smtp.class.php 第 210 行.
NOTIC: [8192] Function ereg() is deprecated G:\MyPHPWeb\TpProject\Application\Book\Common\Common\Smtp.class.php 第 210 行.
NOTIC: [8192] Function ereg() is deprecated G:\MyPHPWeb\TpProject\Application\Book\Common\Common\Smtp.class.php 第 210 行.
NOTIC: [8192] Function ereg() is deprecated G:\MyPHPWeb\TpProject\Application\Book\Common\Common\Smtp.class.php 第 210 行.
NOTIC: [8192] Function ereg() is deprecated G:\MyPHPWeb\TpProject\Application\Book\Common\Common\Smtp.class.php 第 210 行.
NOTIC: [8192] Function ereg() is deprecated G:\MyPHPWeb\TpProject\Application\Book\Common\Common\Smtp.class.php 第 210 行.
NOTIC: [8192] Function ereg() is deprecated G:\MyPHPWeb\TpProject\Application\Book\Common\Common\Smtp.class.php 第 210 行.
INFO: [ app_end ] --START--
INFO: Run Behavior\ShowPageTraceBehavior [ RunTime:0.002077s ]
INFO: [ app_end ] --END-- [ RunTime:0.002257s ]

[ 2016-07-17T11:08:56+08:00 ] 127.0.0.1 /User/checkEmailCode
INFO: [ app_begin ] --START--
INFO: Run Behavior\ReadHtmlCacheBehavior [ RunTime:0.000744s ]
INFO: [ app_begin ] --END-- [ RunTime:0.001379s ]
INFO: [ app_end ] --START--
INFO: Run Behavior\ShowPageTraceBehavior [ RunTime:0.000789s ]
INFO: [ app_end ] --END-- [ RunTime:0.000870s ]

[ 2016-07-17T12:39:25+08:00 ] 127.0.0.1 /User/sendEmailCode
INFO: [ app_begin ] --START--
INFO: Run Behavior\ReadHtmlCacheBehavior [ RunTime:0.000832s ]
INFO: [ app_begin ] --END-- [ RunTime:0.001453s ]
NOTIC: [8] Undefined variable: random_code G:\MyPHPWeb\TpProject\Application\Book\Home\Controller\UserController.class.php 第 238 行.
NOTIC: [8192] Function ereg() is deprecated G:\MyPHPWeb\TpProject\Application\Book\Common\Common\Smtp.class.php 第 256 行.
NOTIC: [8192] Function ereg_replace() is deprecated G:\MyPHPWeb\TpProject\Application\Book\Common\Common\Smtp.class.php 第 264 行.
NOTIC: [8192] Function ereg_replace() is deprecated G:\MyPHPWeb\TpProject\Application\Book\Common\Common\Smtp.class.php 第 265 行.
NOTIC: [8192] Function ereg_replace() is deprecated G:\MyPHPWeb\TpProject\Application\Book\Common\Common\Smtp.class.php 第 46 行.
NOTIC: [8192] Function ereg() is deprecated G:\MyPHPWeb\TpProject\Application\Book\Common\Common\Smtp.class.php 第 256 行.
NOTIC: [8192] Function ereg_replace() is deprecated G:\MyPHPWeb\TpProject\Application\Book\Common\Common\Smtp.class.php 第 264 行.
NOTIC: [8192] Function ereg_replace() is deprecated G:\MyPHPWeb\TpProject\Application\Book\Common\Common\Smtp.class.php 第 265 行.
NOTIC: [8192] Function ereg() is deprecated G:\MyPHPWeb\TpProject\Application\Book\Common\Common\Smtp.class.php 第 210 行.
NOTIC: [8192] Function ereg() is deprecated G:\MyPHPWeb\TpProject\Application\Book\Common\Common\Smtp.class.php 第 210 行.
NOTIC: [8192] Function ereg() is deprecated G:\MyPHPWeb\TpProject\Application\Book\Common\Common\Smtp.class.php 第 210 行.
NOTIC: [8192] Function ereg() is deprecated G:\MyPHPWeb\TpProject\Application\Book\Common\Common\Smtp.class.php 第 210 行.
NOTIC: [8192] Function ereg() is deprecated G:\MyPHPWeb\TpProject\Application\Book\Common\Common\Smtp.class.php 第 210 行.
NOTIC: [8192] Function ereg() is deprecated G:\MyPHPWeb\TpProject\Application\Book\Common\Common\Smtp.class.php 第 210 行.
NOTIC: [8192] Function ereg() is deprecated G:\MyPHPWeb\TpProject\Application\Book\Common\Common\Smtp.class.php 第 210 行.
NOTIC: [8192] Function ereg() is deprecated G:\MyPHPWeb\TpProject\Application\Book\Common\Common\Smtp.class.php 第 210 行.
NOTIC: [8192] Function ereg() is deprecated G:\MyPHPWeb\TpProject\Application\Book\Common\Common\Smtp.class.php 第 210 行.
INFO: [ app_end ] --START--
INFO: Run Behavior\ShowPageTraceBehavior [ RunTime:0.001983s ]
INFO: [ app_end ] --END-- [ RunTime:0.002137s ]

[ 2016-07-17T12:39:33+08:00 ] 127.0.0.1 /User/checkEmailCode
INFO: [ app_begin ] --START--
INFO: Run Behavior\ReadHtmlCacheBehavior [ RunTime:0.000732s ]
INFO: [ app_begin ] --END-- [ RunTime:0.001289s ]
INFO: [ app_end ] --START--
INFO: Run Behavior\ShowPageTraceBehavior [ RunTime:0.000738s ]
INFO: [ app_end ] --END-- [ RunTime:0.000806s ]

[ 2016-07-17T12:39:39+08:00 ] 127.0.0.1 /User/UpdatePwd
INFO: [ app_begin ] --START--
INFO: Run Behavior\ReadHtmlCacheBehavior [ RunTime:0.000604s ]
INFO: [ app_begin ] --END-- [ RunTime:0.001070s ]
INFO: [ view_parse ] --START--
INFO: [ template_filter ] --START--
INFO: Run Behavior\ContentReplaceBehavior [ RunTime:0.000072s ]
INFO: [ template_filter ] --END-- [ RunTime:0.000129s ]
INFO: Run Behavior\ParseTemplateBehavior [ RunTime:0.039510s ]
INFO: [ view_parse ] --END-- [ RunTime:0.039606s ]
INFO: [ view_filter ] --START--
INFO: Run Behavior\WriteHtmlCacheBehavior [ RunTime:0.000524s ]
INFO: [ view_filter ] --END-- [ RunTime:0.000569s ]
INFO: [ app_end ] --START--
INFO: Run Behavior\ShowPageTraceBehavior [ RunTime:0.001097s ]
INFO: [ app_end ] --END-- [ RunTime:0.001191s ]

[ 2016-07-17T12:40:17+08:00 ] 127.0.0.1 /User/sendEmailCode
INFO: [ app_begin ] --START--
INFO: Run Behavior\ReadHtmlCacheBehavior [ RunTime:0.000843s ]
INFO: [ app_begin ] --END-- [ RunTime:0.001575s ]
NOTIC: [8] Undefined variable: random_code G:\MyPHPWeb\TpProject\Application\Book\Home\Controller\UserController.class.php 第 238 行.
NOTIC: [8192] Function ereg() is deprecated G:\MyPHPWeb\TpProject\Application\Book\Common\Common\Smtp.class.php 第 256 行.
NOTIC: [8192] Function ereg_replace() is deprecated G:\MyPHPWeb\TpProject\Application\Book\Common\Common\Smtp.class.php 第 264 行.
NOTIC: [8192] Function ereg_replace() is deprecated G:\MyPHPWeb\TpProject\Application\Book\Common\Common\Smtp.class.php 第 265 行.
NOTIC: [8192] Function ereg_replace() is deprecated G:\MyPHPWeb\TpProject\Application\Book\Common\Common\Smtp.class.php 第 46 行.
NOTIC: [8192] Function ereg() is deprecated G:\MyPHPWeb\TpProject\Application\Book\Common\Common\Smtp.class.php 第 256 行.
NOTIC: [8192] Function ereg_replace() is deprecated G:\MyPHPWeb\TpProject\Application\Book\Common\Common\Smtp.class.php 第 264 行.
NOTIC: [8192] Function ereg_replace() is deprecated G:\MyPHPWeb\TpProject\Application\Book\Common\Common\Smtp.class.php 第 265 行.
NOTIC: [8192] Function ereg() is deprecated G:\MyPHPWeb\TpProject\Application\Book\Common\Common\Smtp.class.php 第 210 行.
NOTIC: [8192] Function ereg() is deprecated G:\MyPHPWeb\TpProject\Application\Book\Common\Common\Smtp.class.php 第 210 行.
NOTIC: [8192] Function ereg() is deprecated G:\MyPHPWeb\TpProject\Application\Book\Common\Common\Smtp.class.php 第 210 行.
NOTIC: [8192] Function ereg() is deprecated G:\MyPHPWeb\TpProject\Application\Book\Common\Common\Smtp.class.php 第 210 行.
NOTIC: [8192] Function ereg() is deprecated G:\MyPHPWeb\TpProject\Application\Book\Common\Common\Smtp.class.php 第 210 行.
NOTIC: [8192] Function ereg() is deprecated G:\MyPHPWeb\TpProject\Application\Book\Common\Common\Smtp.class.php 第 210 行.
NOTIC: [8192] Function ereg() is deprecated G:\MyPHPWeb\TpProject\Application\Book\Common\Common\Smtp.class.php 第 210 行.
NOTIC: [8192] Function ereg() is deprecated G:\MyPHPWeb\TpProject\Application\Book\Common\Common\Smtp.class.php 第 210 行.
NOTIC: [8192] Function ereg() is deprecated G:\MyPHPWeb\TpProject\Application\Book\Common\Common\Smtp.class.php 第 210 行.
INFO: [ app_end ] --START--
INFO: Run Behavior\ShowPageTraceBehavior [ RunTime:0.001189s ]
INFO: [ app_end ] --END-- [ RunTime:0.001279s ]

[ 2016-07-17T12:40:26+08:00 ] 127.0.0.1 /User/checkEmailCode
INFO: [ app_begin ] --START--
INFO: Run Behavior\ReadHtmlCacheBehavior [ RunTime:0.000596s ]
INFO: [ app_begin ] --END-- [ RunTime:0.001188s ]
INFO: [ app_end ] --START--
INFO: Run Behavior\ShowPageTraceBehavior [ RunTime:0.000572s ]
INFO: [ app_end ] --END-- [ RunTime:0.000638s ]

[ 2016-07-17T12:40:32+08:00 ] 127.0.0.1 /User/UpdatePwd
INFO: [ app_begin ] --START--
INFO: Run Behavior\ReadHtmlCacheBehavior [ RunTime:0.000759s ]
INFO: [ app_begin ] --END-- [ RunTime:0.001533s ]
INFO: [ view_parse ] --START--
INFO: [ template_filter ] --START--
INFO: Run Behavior\ContentReplaceBehavior [ RunTime:0.000073s ]
INFO: [ template_filter ] --END-- [ RunTime:0.000133s ]
INFO: Run Behavior\ParseTemplateBehavior [ RunTime:0.012746s ]
INFO: [ view_parse ] --END-- [ RunTime:0.012842s ]
INFO: [ view_filter ] --START--
INFO: Run Behavior\WriteHtmlCacheBehavior [ RunTime:0.000501s ]
INFO: [ view_filter ] --END-- [ RunTime:0.000544s ]
INFO: [ app_end ] --START--
INFO: Run Behavior\ShowPageTraceBehavior [ RunTime:0.001478s ]
INFO: [ app_end ] --END-- [ RunTime:0.001718s ]

[ 2016-07-17T12:41:29+08:00 ] 127.0.0.1 /User/UpdatePwd
INFO: [ app_begin ] --START--
INFO: Run Behavior\ReadHtmlCacheBehavior [ RunTime:0.000597s ]
INFO: [ app_begin ] --END-- [ RunTime:0.001069s ]
INFO: [ view_parse ] --START--
INFO: [ template_filter ] --START--
INFO: Run Behavior\ContentReplaceBehavior [ RunTime:0.000077s ]
INFO: [ template_filter ] --END-- [ RunTime:0.000137s ]
INFO: Run Behavior\ParseTemplateBehavior [ RunTime:0.010599s ]
INFO: [ view_parse ] --END-- [ RunTime:0.010704s ]
INFO: [ view_filter ] --START--
INFO: Run Behavior\WriteHtmlCacheBehavior [ RunTime:0.000481s ]
INFO: [ view_filter ] --END-- [ RunTime:0.000527s ]
INFO: [ app_end ] --START--
INFO: Run Behavior\ShowPageTraceBehavior [ RunTime:0.001187s ]
INFO: [ app_end ] --END-- [ RunTime:0.001311s ]

[ 2016-07-17T12:42:14+08:00 ] 127.0.0.1 /User/sendEmailCode
INFO: [ app_begin ] --START--
INFO: Run Behavior\ReadHtmlCacheBehavior [ RunTime:0.001299s ]
INFO: [ app_begin ] --END-- [ RunTime:0.002479s ]
NOTIC: [8] Undefined variable: random_code G:\MyPHPWeb\TpProject\Application\Book\Home\Controller\UserController.class.php 第 238 行.
NOTIC: [8192] Function ereg() is deprecated G:\MyPHPWeb\TpProject\Application\Book\Common\Common\Smtp.class.php 第 256 行.
NOTIC: [8192] Function ereg_replace() is deprecated G:\MyPHPWeb\TpProject\Application\Book\Common\Common\Smtp.class.php 第 264 行.
NOTIC: [8192] Function ereg_replace() is deprecated G:\MyPHPWeb\TpProject\Application\Book\Common\Common\Smtp.class.php 第 265 行.
NOTIC: [8192] Function ereg_replace() is deprecated G:\MyPHPWeb\TpProject\Application\Book\Common\Common\Smtp.class.php 第 46 行.
NOTIC: [8192] Function ereg() is deprecated G:\MyPHPWeb\TpProject\Application\Book\Common\Common\Smtp.class.php 第 256 行.
NOTIC: [8192] Function ereg_replace() is deprecated G:\MyPHPWeb\TpProject\Application\Book\Common\Common\Smtp.class.php 第 264 行.
NOTIC: [8192] Function ereg_replace() is deprecated G:\MyPHPWeb\TpProject\Application\Book\Common\Common\Smtp.class.php 第 265 行.
NOTIC: [8192] Function ereg() is deprecated G:\MyPHPWeb\TpProject\Application\Book\Common\Common\Smtp.class.php 第 210 行.
NOTIC: [8192] Function ereg() is deprecated G:\MyPHPWeb\TpProject\Application\Book\Common\Common\Smtp.class.php 第 210 行.
NOTIC: [8192] Function ereg() is deprecated G:\MyPHPWeb\TpProject\Application\Book\Common\Common\Smtp.class.php 第 210 行.
NOTIC: [8192] Function ereg() is deprecated G:\MyPHPWeb\TpProject\Application\Book\Common\Common\Smtp.class.php 第 210 行.
NOTIC: [8192] Function ereg() is deprecated G:\MyPHPWeb\TpProject\Application\Book\Common\Common\Smtp.class.php 第 210 行.
NOTIC: [8192] Function ereg() is deprecated G:\MyPHPWeb\TpProject\Application\Book\Common\Common\Smtp.class.php 第 210 行.
NOTIC: [8192] Function ereg() is deprecated G:\MyPHPWeb\TpProject\Application\Book\Common\Common\Smtp.class.php 第 210 行.
NOTIC: [8192] Function ereg() is deprecated G:\MyPHPWeb\TpProject\Application\Book\Common\Common\Smtp.class.php 第 210 行.
NOTIC: [8192] Function ereg() is deprecated G:\MyPHPWeb\TpProject\Application\Book\Common\Common\Smtp.class.php 第 210 行.
INFO: [ app_end ] --START--
INFO: Run Behavior\ShowPageTraceBehavior [ RunTime:0.000938s ]
INFO: [ app_end ] --END-- [ RunTime:0.001020s ]

[ 2016-07-17T12:42:22+08:00 ] 127.0.0.1 /User/checkEmailCode
INFO: [ app_begin ] --START--
INFO: Run Behavior\ReadHtmlCacheBehavior [ RunTime:0.000729s ]
INFO: [ app_begin ] --END-- [ RunTime:0.001429s ]
INFO: [ app_end ] --START--
INFO: Run Behavior\ShowPageTraceBehavior [ RunTime:0.000805s ]
INFO: [ app_end ] --END-- [ RunTime:0.000893s ]

[ 2016-07-17T12:42:28+08:00 ] 127.0.0.1 /User/UpdatePwd
INFO: [ app_begin ] --START--
INFO: Run Behavior\ReadHtmlCacheBehavior [ RunTime:0.000938s ]
INFO: [ app_begin ] --END-- [ RunTime:0.001507s ]
INFO: [ view_parse ] --START--
INFO: [ template_filter ] --START--
INFO: Run Behavior\ContentReplaceBehavior [ RunTime:0.000076s ]
INFO: [ template_filter ] --END-- [ RunTime:0.000136s ]
INFO: Run Behavior\ParseTemplateBehavior [ RunTime:0.015110s ]
INFO: [ view_parse ] --END-- [ RunTime:0.015223s ]
INFO: [ view_filter ] --START--
INFO: Run Behavior\WriteHtmlCacheBehavior [ RunTime:0.000605s ]
INFO: [ view_filter ] --END-- [ RunTime:0.000673s ]
INFO: [ app_end ] --START--
INFO: Run Behavior\ShowPageTraceBehavior [ RunTime:0.001052s ]
INFO: [ app_end ] --END-- [ RunTime:0.001152s ]

[ 2016-07-17T12:43:47+08:00 ] 127.0.0.1 /User/sendEmailCode
INFO: [ app_begin ] --START--
INFO: Run Behavior\ReadHtmlCacheBehavior [ RunTime:0.000796s ]
INFO: [ app_begin ] --END-- [ RunTime:0.001340s ]
NOTIC: [8] Undefined variable: random_code G:\MyPHPWeb\TpProject\Application\Book\Home\Controller\UserController.class.php 第 238 行.
NOTIC: [8192] Function ereg() is deprecated G:\MyPHPWeb\TpProject\Application\Book\Common\Common\Smtp.class.php 第 256 行.
NOTIC: [8192] Function ereg_replace() is deprecated G:\MyPHPWeb\TpProject\Application\Book\Common\Common\Smtp.class.php 第 264 行.
NOTIC: [8192] Function ereg_replace() is deprecated G:\MyPHPWeb\TpProject\Application\Book\Common\Common\Smtp.class.php 第 265 行.
NOTIC: [8192] Function ereg_replace() is deprecated G:\MyPHPWeb\TpProject\Application\Book\Common\Common\Smtp.class.php 第 46 行.
NOTIC: [8192] Function ereg() is deprecated G:\MyPHPWeb\TpProject\Application\Book\Common\Common\Smtp.class.php 第 256 行.
NOTIC: [8192] Function ereg_replace() is deprecated G:\MyPHPWeb\TpProject\Application\Book\Common\Common\Smtp.class.php 第 264 行.
NOTIC: [8192] Function ereg_replace() is deprecated G:\MyPHPWeb\TpProject\Application\Book\Common\Common\Smtp.class.php 第 265 行.
NOTIC: [8192] Function ereg() is deprecated G:\MyPHPWeb\TpProject\Application\Book\Common\Common\Smtp.class.php 第 210 行.
NOTIC: [8192] Function ereg() is deprecated G:\MyPHPWeb\TpProject\Application\Book\Common\Common\Smtp.class.php 第 210 行.
NOTIC: [8192] Function ereg() is deprecated G:\MyPHPWeb\TpProject\Application\Book\Common\Common\Smtp.class.php 第 210 行.
NOTIC: [8192] Function ereg() is deprecated G:\MyPHPWeb\TpProject\Application\Book\Common\Common\Smtp.class.php 第 210 行.
NOTIC: [8192] Function ereg() is deprecated G:\MyPHPWeb\TpProject\Application\Book\Common\Common\Smtp.class.php 第 210 行.
NOTIC: [8192] Function ereg() is deprecated G:\MyPHPWeb\TpProject\Application\Book\Common\Common\Smtp.class.php 第 210 行.
NOTIC: [8192] Function ereg() is deprecated G:\MyPHPWeb\TpProject\Application\Book\Common\Common\Smtp.class.php 第 210 行.
NOTIC: [8192] Function ereg() is deprecated G:\MyPHPWeb\TpProject\Application\Book\Common\Common\Smtp.class.php 第 210 行.
NOTIC: [8192] Function ereg() is deprecated G:\MyPHPWeb\TpProject\Application\Book\Common\Common\Smtp.class.php 第 210 行.
INFO: [ app_end ] --START--
INFO: Run Behavior\ShowPageTraceBehavior [ RunTime:0.002027s ]
INFO: [ app_end ] --END-- [ RunTime:0.002180s ]

[ 2016-07-17T12:43:58+08:00 ] 127.0.0.1 /User/checkEmailCode
INFO: [ app_begin ] --START--
INFO: Run Behavior\ReadHtmlCacheBehavior [ RunTime:0.000753s ]
INFO: [ app_begin ] --END-- [ RunTime:0.001739s ]
INFO: [ app_end ] --START--
INFO: Run Behavior\ShowPageTraceBehavior [ RunTime:0.000667s ]
INFO: [ app_end ] --END-- [ RunTime:0.000731s ]

[ 2016-07-17T12:44:03+08:00 ] 127.0.0.1 /User/executeUpdatePwd
INFO: [ app_begin ] --START--
INFO: Run Behavior\ReadHtmlCacheBehavior [ RunTime:0.001232s ]
INFO: [ app_begin ] --END-- [ RunTime:0.002237s ]
SQL: SHOW COLUMNS FROM `customerinfo` [ RunTime:0.0062s ]
ERR: Think\Model:updatePwd方法不存在！

[ 2016-07-17T12:45:00+08:00 ] 127.0.0.1 /User/sendEmailCode
INFO: [ app_begin ] --START--
INFO: Run Behavior\ReadHtmlCacheBehavior [ RunTime:0.000949s ]
INFO: [ app_begin ] --END-- [ RunTime:0.001787s ]
NOTIC: [8] Undefined variable: random_code G:\MyPHPWeb\TpProject\Application\Book\Home\Controller\UserController.class.php 第 238 行.
NOTIC: [8192] Function ereg() is deprecated G:\MyPHPWeb\TpProject\Application\Book\Common\Common\Smtp.class.php 第 256 行.
NOTIC: [8192] Function ereg_replace() is deprecated G:\MyPHPWeb\TpProject\Application\Book\Common\Common\Smtp.class.php 第 264 行.
NOTIC: [8192] Function ereg_replace() is deprecated G:\MyPHPWeb\TpProject\Application\Book\Common\Common\Smtp.class.php 第 265 行.
NOTIC: [8192] Function ereg_replace() is deprecated G:\MyPHPWeb\TpProject\Application\Book\Common\Common\Smtp.class.php 第 46 行.
NOTIC: [8192] Function ereg() is deprecated G:\MyPHPWeb\TpProject\Application\Book\Common\Common\Smtp.class.php 第 256 行.
NOTIC: [8192] Function ereg_replace() is deprecated G:\MyPHPWeb\TpProject\Application\Book\Common\Common\Smtp.class.php 第 264 行.
NOTIC: [8192] Function ereg_replace() is deprecated G:\MyPHPWeb\TpProject\Application\Book\Common\Common\Smtp.class.php 第 265 行.
NOTIC: [8192] Function ereg() is deprecated G:\MyPHPWeb\TpProject\Application\Book\Common\Common\Smtp.class.php 第 210 行.
NOTIC: [8192] Function ereg() is deprecated G:\MyPHPWeb\TpProject\Application\Book\Common\Common\Smtp.class.php 第 210 行.
NOTIC: [8192] Function ereg() is deprecated G:\MyPHPWeb\TpProject\Application\Book\Common\Common\Smtp.class.php 第 210 行.
NOTIC: [8192] Function ereg() is deprecated G:\MyPHPWeb\TpProject\Application\Book\Common\Common\Smtp.class.php 第 210 行.
NOTIC: [8192] Function ereg() is deprecated G:\MyPHPWeb\TpProject\Application\Book\Common\Common\Smtp.class.php 第 210 行.
NOTIC: [8192] Function ereg() is deprecated G:\MyPHPWeb\TpProject\Application\Book\Common\Common\Smtp.class.php 第 210 行.
NOTIC: [8192] Function ereg() is deprecated G:\MyPHPWeb\TpProject\Application\Book\Common\Common\Smtp.class.php 第 210 行.
NOTIC: [8192] Function ereg() is deprecated G:\MyPHPWeb\TpProject\Application\Book\Common\Common\Smtp.class.php 第 210 行.
NOTIC: [8192] Function ereg() is deprecated G:\MyPHPWeb\TpProject\Application\Book\Common\Common\Smtp.class.php 第 210 行.
INFO: [ app_end ] --START--
INFO: Run Behavior\ShowPageTraceBehavior [ RunTime:0.001964s ]
INFO: [ app_end ] --END-- [ RunTime:0.002185s ]

[ 2016-07-17T12:45:10+08:00 ] 127.0.0.1 /User/checkEmailCode
INFO: [ app_begin ] --START--
INFO: Run Behavior\ReadHtmlCacheBehavior [ RunTime:0.001491s ]
INFO: [ app_begin ] --END-- [ RunTime:0.003379s ]
INFO: [ app_end ] --START--
INFO: Run Behavior\ShowPageTraceBehavior [ RunTime:0.000807s ]
INFO: [ app_end ] --END-- [ RunTime:0.000902s ]

[ 2016-07-17T12:45:17+08:00 ] 127.0.0.1 /User/executeUpdatePwd
INFO: [ app_begin ] --START--
INFO: Run Behavior\ReadHtmlCacheBehavior [ RunTime:0.001083s ]
INFO: [ app_begin ] --END-- [ RunTime:0.001875s ]
SQL: SHOW COLUMNS FROM `customerinfo` [ RunTime:0.0114s ]
NOTIC: [8] Undefined variable: mail G:\MyPHPWeb\TpProject\Application\Book\Home\Model\CustomerInfoModel.class.php 第 11 行.
ERR: 1064:You have an error in your SQL syntax; check the manual that corresponds to your MySQL server version for the right syntax to use near ')' at line 1
 [ SQL语句 ] : UPDATE `customerinfo` SET `UserPwd`='e10adc3949ba59abbe56e057f20f883e' WHERE ( Email =  )
ERR: 1064:You have an error in your SQL syntax; check the manual that corresponds to your MySQL server version for the right syntax to use near ')' at line 1
 [ SQL语句 ] : UPDATE `customerinfo` SET `UserPwd`='e10adc3949ba59abbe56e057f20f883e' WHERE ( Email =  )

[ 2016-07-17T12:46:34+08:00 ] 127.0.0.1 /User/sendEmailCode
INFO: [ app_begin ] --START--
INFO: Run Behavior\ReadHtmlCacheBehavior [ RunTime:0.001579s ]
INFO: [ app_begin ] --END-- [ RunTime:0.002806s ]
NOTIC: [8] Undefined variable: random_code G:\MyPHPWeb\TpProject\Application\Book\Home\Controller\UserController.class.php 第 238 行.
NOTIC: [8192] Function ereg() is deprecated G:\MyPHPWeb\TpProject\Application\Book\Common\Common\Smtp.class.php 第 256 行.
NOTIC: [8192] Function ereg_replace() is deprecated G:\MyPHPWeb\TpProject\Application\Book\Common\Common\Smtp.class.php 第 264 行.
NOTIC: [8192] Function ereg_replace() is deprecated G:\MyPHPWeb\TpProject\Application\Book\Common\Common\Smtp.class.php 第 265 行.
NOTIC: [8192] Function ereg_replace() is deprecated G:\MyPHPWeb\TpProject\Application\Book\Common\Common\Smtp.class.php 第 46 行.
NOTIC: [8192] Function ereg() is deprecated G:\MyPHPWeb\TpProject\Application\Book\Common\Common\Smtp.class.php 第 256 行.
NOTIC: [8192] Function ereg_replace() is deprecated G:\MyPHPWeb\TpProject\Application\Book\Common\Common\Smtp.class.php 第 264 行.
NOTIC: [8192] Function ereg_replace() is deprecated G:\MyPHPWeb\TpProject\Application\Book\Common\Common\Smtp.class.php 第 265 行.
NOTIC: [8192] Function ereg() is deprecated G:\MyPHPWeb\TpProject\Application\Book\Common\Common\Smtp.class.php 第 210 行.
NOTIC: [8192] Function ereg() is deprecated G:\MyPHPWeb\TpProject\Application\Book\Common\Common\Smtp.class.php 第 210 行.
NOTIC: [8192] Function ereg() is deprecated G:\MyPHPWeb\TpProject\Application\Book\Common\Common\Smtp.class.php 第 210 行.
NOTIC: [8192] Function ereg() is deprecated G:\MyPHPWeb\TpProject\Application\Book\Common\Common\Smtp.class.php 第 210 行.
NOTIC: [8192] Function ereg() is deprecated G:\MyPHPWeb\TpProject\Application\Book\Common\Common\Smtp.class.php 第 210 行.
NOTIC: [8192] Function ereg() is deprecated G:\MyPHPWeb\TpProject\Application\Book\Common\Common\Smtp.class.php 第 210 行.
NOTIC: [8192] Function ereg() is deprecated G:\MyPHPWeb\TpProject\Application\Book\Common\Common\Smtp.class.php 第 210 行.
NOTIC: [8192] Function ereg() is deprecated G:\MyPHPWeb\TpProject\Application\Book\Common\Common\Smtp.class.php 第 210 行.
NOTIC: [8192] Function ereg() is deprecated G:\MyPHPWeb\TpProject\Application\Book\Common\Common\Smtp.class.php 第 210 行.
INFO: [ app_end ] --START--
INFO: Run Behavior\ShowPageTraceBehavior [ RunTime:0.002278s ]
INFO: [ app_end ] --END-- [ RunTime:0.002469s ]

[ 2016-07-17T12:47:04+08:00 ] 127.0.0.1 /User/checkEmailCode
INFO: [ app_begin ] --START--
INFO: Run Behavior\ReadHtmlCacheBehavior [ RunTime:0.000860s ]
INFO: [ app_begin ] --END-- [ RunTime:0.001837s ]
INFO: [ app_end ] --START--
INFO: Run Behavior\ShowPageTraceBehavior [ RunTime:0.000939s ]
INFO: [ app_end ] --END-- [ RunTime:0.001025s ]

[ 2016-07-17T12:47:09+08:00 ] 127.0.0.1 /User/checkEmailCode
INFO: [ app_begin ] --START--
INFO: Run Behavior\ReadHtmlCacheBehavior [ RunTime:0.000991s ]
INFO: [ app_begin ] --END-- [ RunTime:0.001674s ]
INFO: [ app_end ] --START--
INFO: Run Behavior\ShowPageTraceBehavior [ RunTime:0.000634s ]
INFO: [ app_end ] --END-- [ RunTime:0.000709s ]

[ 2016-07-17T12:47:27+08:00 ] 127.0.0.1 /User/sendEmailCode
INFO: [ app_begin ] --START--
INFO: Run Behavior\ReadHtmlCacheBehavior [ RunTime:0.000662s ]
INFO: [ app_begin ] --END-- [ RunTime:0.001130s ]
NOTIC: [8] Undefined variable: random_code G:\MyPHPWeb\TpProject\Application\Book\Home\Controller\UserController.class.php 第 238 行.
NOTIC: [8192] Function ereg() is deprecated G:\MyPHPWeb\TpProject\Application\Book\Common\Common\Smtp.class.php 第 256 行.
NOTIC: [8192] Function ereg_replace() is deprecated G:\MyPHPWeb\TpProject\Application\Book\Common\Common\Smtp.class.php 第 264 行.
NOTIC: [8192] Function ereg_replace() is deprecated G:\MyPHPWeb\TpProject\Application\Book\Common\Common\Smtp.class.php 第 265 行.
NOTIC: [8192] Function ereg_replace() is deprecated G:\MyPHPWeb\TpProject\Application\Book\Common\Common\Smtp.class.php 第 46 行.
NOTIC: [8192] Function ereg() is deprecated G:\MyPHPWeb\TpProject\Application\Book\Common\Common\Smtp.class.php 第 256 行.
NOTIC: [8192] Function ereg_replace() is deprecated G:\MyPHPWeb\TpProject\Application\Book\Common\Common\Smtp.class.php 第 264 行.
NOTIC: [8192] Function ereg_replace() is deprecated G:\MyPHPWeb\TpProject\Application\Book\Common\Common\Smtp.class.php 第 265 行.
NOTIC: [8192] Function ereg() is deprecated G:\MyPHPWeb\TpProject\Application\Book\Common\Common\Smtp.class.php 第 210 行.
NOTIC: [8192] Function ereg() is deprecated G:\MyPHPWeb\TpProject\Application\Book\Common\Common\Smtp.class.php 第 210 行.
NOTIC: [8192] Function ereg() is deprecated G:\MyPHPWeb\TpProject\Application\Book\Common\Common\Smtp.class.php 第 210 行.
NOTIC: [8192] Function ereg() is deprecated G:\MyPHPWeb\TpProject\Application\Book\Common\Common\Smtp.class.php 第 210 行.
NOTIC: [8192] Function ereg() is deprecated G:\MyPHPWeb\TpProject\Application\Book\Common\Common\Smtp.class.php 第 210 行.
NOTIC: [8192] Function ereg() is deprecated G:\MyPHPWeb\TpProject\Application\Book\Common\Common\Smtp.class.php 第 210 行.
NOTIC: [8192] Function ereg() is deprecated G:\MyPHPWeb\TpProject\Application\Book\Common\Common\Smtp.class.php 第 210 行.
NOTIC: [8192] Function ereg() is deprecated G:\MyPHPWeb\TpProject\Application\Book\Common\Common\Smtp.class.php 第 210 行.
NOTIC: [8192] Function ereg() is deprecated G:\MyPHPWeb\TpProject\Application\Book\Common\Common\Smtp.class.php 第 210 行.
INFO: [ app_end ] --START--
INFO: Run Behavior\ShowPageTraceBehavior [ RunTime:0.001849s ]
INFO: [ app_end ] --END-- [ RunTime:0.002023s ]

[ 2016-07-17T14:57:11+08:00 ] 127.0.0.1 /User/sendEmailCode
INFO: [ app_begin ] --START--
INFO: Run Behavior\ReadHtmlCacheBehavior [ RunTime:0.000615s ]
INFO: [ app_begin ] --END-- [ RunTime:0.001162s ]
NOTIC: [8] Undefined variable: random_code G:\MyPHPWeb\TpProject\Application\Book\Home\Controller\UserController.class.php 第 238 行.
NOTIC: [8192] Function ereg() is deprecated G:\MyPHPWeb\TpProject\Application\Book\Common\Common\Smtp.class.php 第 256 行.
NOTIC: [8192] Function ereg_replace() is deprecated G:\MyPHPWeb\TpProject\Application\Book\Common\Common\Smtp.class.php 第 264 行.
NOTIC: [8192] Function ereg_replace() is deprecated G:\MyPHPWeb\TpProject\Application\Book\Common\Common\Smtp.class.php 第 265 行.
NOTIC: [8192] Function ereg_replace() is deprecated G:\MyPHPWeb\TpProject\Application\Book\Common\Common\Smtp.class.php 第 46 行.
NOTIC: [8192] Function ereg() is deprecated G:\MyPHPWeb\TpProject\Application\Book\Common\Common\Smtp.class.php 第 256 行.
NOTIC: [8192] Function ereg_replace() is deprecated G:\MyPHPWeb\TpProject\Application\Book\Common\Common\Smtp.class.php 第 264 行.
NOTIC: [8192] Function ereg_replace() is deprecated G:\MyPHPWeb\TpProject\Application\Book\Common\Common\Smtp.class.php 第 265 行.
NOTIC: [8192] Function ereg() is deprecated G:\MyPHPWeb\TpProject\Application\Book\Common\Common\Smtp.class.php 第 210 行.
NOTIC: [8192] Function ereg() is deprecated G:\MyPHPWeb\TpProject\Application\Book\Common\Common\Smtp.class.php 第 210 行.
NOTIC: [8192] Function ereg() is deprecated G:\MyPHPWeb\TpProject\Application\Book\Common\Common\Smtp.class.php 第 210 行.
NOTIC: [8192] Function ereg() is deprecated G:\MyPHPWeb\TpProject\Application\Book\Common\Common\Smtp.class.php 第 210 行.
NOTIC: [8192] Function ereg() is deprecated G:\MyPHPWeb\TpProject\Application\Book\Common\Common\Smtp.class.php 第 210 行.
NOTIC: [8192] Function ereg() is deprecated G:\MyPHPWeb\TpProject\Application\Book\Common\Common\Smtp.class.php 第 210 行.
NOTIC: [8192] Function ereg() is deprecated G:\MyPHPWeb\TpProject\Application\Book\Common\Common\Smtp.class.php 第 210 行.
NOTIC: [8192] Function ereg() is deprecated G:\MyPHPWeb\TpProject\Application\Book\Common\Common\Smtp.class.php 第 210 行.
NOTIC: [8192] Function ereg() is deprecated G:\MyPHPWeb\TpProject\Application\Book\Common\Common\Smtp.class.php 第 210 行.
INFO: [ app_end ] --START--
INFO: Run Behavior\ShowPageTraceBehavior [ RunTime:0.001667s ]
INFO: [ app_end ] --END-- [ RunTime:0.001829s ]

[ 2016-07-17T14:57:20+08:00 ] 127.0.0.1 /User/checkEmailCode
INFO: [ app_begin ] --START--
INFO: Run Behavior\ReadHtmlCacheBehavior [ RunTime:0.000727s ]
INFO: [ app_begin ] --END-- [ RunTime:0.001400s ]
INFO: [ app_end ] --START--
INFO: Run Behavior\ShowPageTraceBehavior [ RunTime:0.000902s ]
INFO: [ app_end ] --END-- [ RunTime:0.001032s ]

[ 2016-07-17T14:57:29+08:00 ] 127.0.0.1 /User/executeUpdatePwd
INFO: [ app_begin ] --START--
INFO: Run Behavior\ReadHtmlCacheBehavior [ RunTime:0.000809s ]
INFO: [ app_begin ] --END-- [ RunTime:0.001466s ]
SQL: SHOW COLUMNS FROM `customerinfo` [ RunTime:0.0124s ]
NOTIC: [8] Undefined variable: mail G:\MyPHPWeb\TpProject\Application\Book\Home\Model\CustomerInfoModel.class.php 第 11 行.
ERR: 1064:You have an error in your SQL syntax; check the manual that corresponds to your MySQL server version for the right syntax to use near ')' at line 1
 [ SQL语句 ] : UPDATE `customerinfo` SET `UserPwd`='e10adc3949ba59abbe56e057f20f883e' WHERE ( Email =  )
ERR: 1064:You have an error in your SQL syntax; check the manual that corresponds to your MySQL server version for the right syntax to use near ')' at line 1
 [ SQL语句 ] : UPDATE `customerinfo` SET `UserPwd`='e10adc3949ba59abbe56e057f20f883e' WHERE ( Email =  )

[ 2016-07-17T14:58:12+08:00 ] 127.0.0.1 /User/sendEmailCode
INFO: [ app_begin ] --START--
INFO: Run Behavior\ReadHtmlCacheBehavior [ RunTime:0.000780s ]
INFO: [ app_begin ] --END-- [ RunTime:0.001511s ]
NOTIC: [8] Undefined variable: random_code G:\MyPHPWeb\TpProject\Application\Book\Home\Controller\UserController.class.php 第 238 行.
NOTIC: [8192] Function ereg() is deprecated G:\MyPHPWeb\TpProject\Application\Book\Common\Common\Smtp.class.php 第 256 行.
NOTIC: [8192] Function ereg_replace() is deprecated G:\MyPHPWeb\TpProject\Application\Book\Common\Common\Smtp.class.php 第 264 行.
NOTIC: [8192] Function ereg_replace() is deprecated G:\MyPHPWeb\TpProject\Application\Book\Common\Common\Smtp.class.php 第 265 行.
NOTIC: [8192] Function ereg_replace() is deprecated G:\MyPHPWeb\TpProject\Application\Book\Common\Common\Smtp.class.php 第 46 行.
NOTIC: [8192] Function ereg() is deprecated G:\MyPHPWeb\TpProject\Application\Book\Common\Common\Smtp.class.php 第 256 行.
NOTIC: [8192] Function ereg_replace() is deprecated G:\MyPHPWeb\TpProject\Application\Book\Common\Common\Smtp.class.php 第 264 行.
NOTIC: [8192] Function ereg_replace() is deprecated G:\MyPHPWeb\TpProject\Application\Book\Common\Common\Smtp.class.php 第 265 行.
NOTIC: [8192] Function ereg() is deprecated G:\MyPHPWeb\TpProject\Application\Book\Common\Common\Smtp.class.php 第 210 行.
NOTIC: [8192] Function ereg() is deprecated G:\MyPHPWeb\TpProject\Application\Book\Common\Common\Smtp.class.php 第 210 行.
NOTIC: [8192] Function ereg() is deprecated G:\MyPHPWeb\TpProject\Application\Book\Common\Common\Smtp.class.php 第 210 行.
NOTIC: [8192] Function ereg() is deprecated G:\MyPHPWeb\TpProject\Application\Book\Common\Common\Smtp.class.php 第 210 行.
NOTIC: [8192] Function ereg() is deprecated G:\MyPHPWeb\TpProject\Application\Book\Common\Common\Smtp.class.php 第 210 行.
NOTIC: [8192] Function ereg() is deprecated G:\MyPHPWeb\TpProject\Application\Book\Common\Common\Smtp.class.php 第 210 行.
NOTIC: [8192] Function ereg() is deprecated G:\MyPHPWeb\TpProject\Application\Book\Common\Common\Smtp.class.php 第 210 行.
NOTIC: [8192] Function ereg() is deprecated G:\MyPHPWeb\TpProject\Application\Book\Common\Common\Smtp.class.php 第 210 行.
NOTIC: [8192] Function ereg() is deprecated G:\MyPHPWeb\TpProject\Application\Book\Common\Common\Smtp.class.php 第 210 行.
INFO: [ app_end ] --START--
INFO: Run Behavior\ShowPageTraceBehavior [ RunTime:0.001663s ]
INFO: [ app_end ] --END-- [ RunTime:0.001813s ]

[ 2016-07-17T14:58:21+08:00 ] 127.0.0.1 /User/checkEmailCode
INFO: [ app_begin ] --START--
INFO: Run Behavior\ReadHtmlCacheBehavior [ RunTime:0.000818s ]
INFO: [ app_begin ] --END-- [ RunTime:0.001970s ]
INFO: [ app_end ] --START--
INFO: Run Behavior\ShowPageTraceBehavior [ RunTime:0.000754s ]
INFO: [ app_end ] --END-- [ RunTime:0.000840s ]

[ 2016-07-17T14:58:30+08:00 ] 127.0.0.1 /User/executeUpdatePwd
INFO: [ app_begin ] --START--
INFO: Run Behavior\ReadHtmlCacheBehavior [ RunTime:0.000614s ]
INFO: [ app_begin ] --END-- [ RunTime:0.001177s ]
SQL: SHOW COLUMNS FROM `customerinfo` [ RunTime:0.0135s ]
ERR: 1064:You have an error in your SQL syntax; check the manual that corresponds to your MySQL server version for the right syntax to use near '@qq.com )' at line 1
 [ SQL语句 ] : UPDATE `customerinfo` SET `UserPwd`='e10adc3949ba59abbe56e057f20f883e' WHERE ( Email = 874847721@qq.com )
ERR: 1064:You have an error in your SQL syntax; check the manual that corresponds to your MySQL server version for the right syntax to use near '@qq.com )' at line 1
 [ SQL语句 ] : UPDATE `customerinfo` SET `UserPwd`='e10adc3949ba59abbe56e057f20f883e' WHERE ( Email = 874847721@qq.com )

[ 2016-07-17T14:59:29+08:00 ] 127.0.0.1 /User/sendEmailCode
INFO: [ app_begin ] --START--
INFO: Run Behavior\ReadHtmlCacheBehavior [ RunTime:0.000597s ]
INFO: [ app_begin ] --END-- [ RunTime:0.001154s ]
NOTIC: [8] Undefined variable: random_code G:\MyPHPWeb\TpProject\Application\Book\Home\Controller\UserController.class.php 第 238 行.
NOTIC: [8192] Function ereg() is deprecated G:\MyPHPWeb\TpProject\Application\Book\Common\Common\Smtp.class.php 第 256 行.
NOTIC: [8192] Function ereg_replace() is deprecated G:\MyPHPWeb\TpProject\Application\Book\Common\Common\Smtp.class.php 第 264 行.
NOTIC: [8192] Function ereg_replace() is deprecated G:\MyPHPWeb\TpProject\Application\Book\Common\Common\Smtp.class.php 第 265 行.
NOTIC: [8192] Function ereg_replace() is deprecated G:\MyPHPWeb\TpProject\Application\Book\Common\Common\Smtp.class.php 第 46 行.
NOTIC: [8192] Function ereg() is deprecated G:\MyPHPWeb\TpProject\Application\Book\Common\Common\Smtp.class.php 第 256 行.
NOTIC: [8192] Function ereg_replace() is deprecated G:\MyPHPWeb\TpProject\Application\Book\Common\Common\Smtp.class.php 第 264 行.
NOTIC: [8192] Function ereg_replace() is deprecated G:\MyPHPWeb\TpProject\Application\Book\Common\Common\Smtp.class.php 第 265 行.
NOTIC: [8192] Function ereg() is deprecated G:\MyPHPWeb\TpProject\Application\Book\Common\Common\Smtp.class.php 第 210 行.
NOTIC: [8192] Function ereg() is deprecated G:\MyPHPWeb\TpProject\Application\Book\Common\Common\Smtp.class.php 第 210 行.
NOTIC: [8192] Function ereg() is deprecated G:\MyPHPWeb\TpProject\Application\Book\Common\Common\Smtp.class.php 第 210 行.
NOTIC: [8192] Function ereg() is deprecated G:\MyPHPWeb\TpProject\Application\Book\Common\Common\Smtp.class.php 第 210 行.
NOTIC: [8192] Function ereg() is deprecated G:\MyPHPWeb\TpProject\Application\Book\Common\Common\Smtp.class.php 第 210 行.
NOTIC: [8192] Function ereg() is deprecated G:\MyPHPWeb\TpProject\Application\Book\Common\Common\Smtp.class.php 第 210 行.
NOTIC: [8192] Function ereg() is deprecated G:\MyPHPWeb\TpProject\Application\Book\Common\Common\Smtp.class.php 第 210 行.
NOTIC: [8192] Function ereg() is deprecated G:\MyPHPWeb\TpProject\Application\Book\Common\Common\Smtp.class.php 第 210 行.
NOTIC: [8192] Function ereg() is deprecated G:\MyPHPWeb\TpProject\Application\Book\Common\Common\Smtp.class.php 第 210 行.
INFO: [ app_end ] --START--
INFO: Run Behavior\ShowPageTraceBehavior [ RunTime:0.002505s ]
INFO: [ app_end ] --END-- [ RunTime:0.002784s ]

[ 2016-07-17T14:59:40+08:00 ] 127.0.0.1 /User/checkEmailCode
INFO: [ app_begin ] --START--
INFO: Run Behavior\ReadHtmlCacheBehavior [ RunTime:0.001021s ]
INFO: [ app_begin ] --END-- [ RunTime:0.002109s ]
INFO: [ app_end ] --START--
INFO: Run Behavior\ShowPageTraceBehavior [ RunTime:0.000807s ]
INFO: [ app_end ] --END-- [ RunTime:0.000905s ]

[ 2016-07-17T14:59:47+08:00 ] 127.0.0.1 /User/executeUpdatePwd
INFO: [ app_begin ] --START--
INFO: Run Behavior\ReadHtmlCacheBehavior [ RunTime:0.002725s ]
INFO: [ app_begin ] --END-- [ RunTime:0.004306s ]
SQL: SHOW COLUMNS FROM `customerinfo` [ RunTime:0.0145s ]
SQL: UPDATE `customerinfo` SET `UserPwd`='e10adc3949ba59abbe56e057f20f883e' WHERE ( Email = '874847721@qq.com' ) [ RunTime:0.0033s ]
INFO: [ app_end ] --START--
INFO: Run Behavior\ShowPageTraceBehavior [ RunTime:0.000750s ]
INFO: [ app_end ] --END-- [ RunTime:0.000806s ]

[ 2016-07-17T15:24:27+08:00 ] 127.0.0.1 /User/checkLogin
INFO: [ app_begin ] --START--
INFO: Run Behavior\ReadHtmlCacheBehavior [ RunTime:0.000770s ]
INFO: [ app_begin ] --END-- [ RunTime:0.001448s ]
SQL: SHOW COLUMNS FROM `customerinfo` [ RunTime:0.0133s ]
SQL: SELECT `Email`,`NickName`,`State`,`TrueName` FROM `customerinfo` WHERE ( Email='44d8c0367fae35c68d8a26d840171e79' && UserPwd = '123' && DelFlag = 0 )  [ RunTime:0.0005s ]
INFO: [ app_end ] --START--
INFO: Run Behavior\ShowPageTraceBehavior [ RunTime:0.000841s ]
INFO: [ app_end ] --END-- [ RunTime:0.000908s ]

[ 2016-07-17T15:24:31+08:00 ] 127.0.0.1 /User/checkLogin
INFO: [ app_begin ] --START--
INFO: Run Behavior\ReadHtmlCacheBehavior [ RunTime:0.000909s ]
INFO: [ app_begin ] --END-- [ RunTime:0.001576s ]
SQL: SHOW COLUMNS FROM `customerinfo` [ RunTime:0.0130s ]
SQL: SELECT `Email`,`NickName`,`State`,`TrueName` FROM `customerinfo` WHERE ( Email='44d8c0367fae35c68d8a26d840171e79' && UserPwd = '123456' && DelFlag = 0 )  [ RunTime:0.0004s ]
INFO: [ app_end ] --START--
INFO: Run Behavior\ShowPageTraceBehavior [ RunTime:0.000854s ]
INFO: [ app_end ] --END-- [ RunTime:0.000919s ]

[ 2016-07-17T15:24:37+08:00 ] 127.0.0.1 /User/checkLogin
INFO: [ app_begin ] --START--
INFO: Run Behavior\ReadHtmlCacheBehavior [ RunTime:0.000684s ]
INFO: [ app_begin ] --END-- [ RunTime:0.001304s ]
SQL: SHOW COLUMNS FROM `customerinfo` [ RunTime:0.0129s ]
SQL: SELECT `Email`,`NickName`,`State`,`TrueName` FROM `customerinfo` WHERE ( Email='44d8c0367fae35c68d8a26d840171e79' && UserPwd = '123456' && DelFlag = 0 )  [ RunTime:0.0003s ]
INFO: [ app_end ] --START--
INFO: Run Behavior\ShowPageTraceBehavior [ RunTime:0.000892s ]
INFO: [ app_end ] --END-- [ RunTime:0.000974s ]

[ 2016-07-17T15:29:58+08:00 ] 127.0.0.1 /User/checkLogin
INFO: [ app_begin ] --START--
INFO: Run Behavior\ReadHtmlCacheBehavior [ RunTime:0.000955s ]
INFO: [ app_begin ] --END-- [ RunTime:0.001570s ]
SQL: SHOW COLUMNS FROM `customerinfo` [ RunTime:0.0124s ]
SQL: SELECT `Email`,`NickName`,`State`,`TrueName` FROM `customerinfo` WHERE ( Email='44d8c0367fae35c68d8a26d840171e79' && UserPwd = '123456' && DelFlag = 0 )  [ RunTime:0.0003s ]
INFO: [ app_end ] --START--
INFO: Run Behavior\ShowPageTraceBehavior [ RunTime:0.000921s ]
INFO: [ app_end ] --END-- [ RunTime:0.000979s ]

[ 2016-07-17T15:32:36+08:00 ] 127.0.0.1 /User/checkLogin
INFO: [ app_begin ] --START--
INFO: Run Behavior\ReadHtmlCacheBehavior [ RunTime:0.000820s ]
INFO: [ app_begin ] --END-- [ RunTime:0.001376s ]
SQL: SHOW COLUMNS FROM `customerinfo` [ RunTime:0.0124s ]
SQL: SELECT `Email`,`NickName`,`State`,`TrueName` FROM `customerinfo` WHERE ( Email='44d8c0367fae35c68d8a26d840171e79' && UserPwd = '123456' && DelFlag = 0 )  [ RunTime:0.0003s ]
INFO: [ app_end ] --START--
INFO: Run Behavior\ShowPageTraceBehavior [ RunTime:0.000895s ]
INFO: [ app_end ] --END-- [ RunTime:0.000951s ]

[ 2016-07-17T16:32:31+08:00 ] 127.0.0.1 /User/checkLogin
INFO: [ app_begin ] --START--
INFO: Run Behavior\ReadHtmlCacheBehavior [ RunTime:0.000827s ]
INFO: [ app_begin ] --END-- [ RunTime:0.001432s ]
SQL: SHOW COLUMNS FROM `customerinfo` [ RunTime:0.0125s ]
SQL: SELECT `Email`,`NickName`,`State`,`TrueName` FROM `customerinfo` WHERE ( Email='44d8c0367fae35c68d8a26d840171e79' && UserPwd = '123456' && DelFlag = 0 )  [ RunTime:0.0003s ]
INFO: [ app_end ] --START--
INFO: Run Behavior\ShowPageTraceBehavior [ RunTime:0.000886s ]
INFO: [ app_end ] --END-- [ RunTime:0.000938s ]

[ 2016-07-17T16:39:58+08:00 ] 127.0.0.1 /User/checkLogin
INFO: [ app_begin ] --START--
INFO: Run Behavior\ReadHtmlCacheBehavior [ RunTime:0.001100s ]
INFO: [ app_begin ] --END-- [ RunTime:0.001852s ]
SQL: SHOW COLUMNS FROM `customerinfo` [ RunTime:0.0124s ]
SQL: SELECT `Email`,`NickName`,`State`,`TrueName` FROM `customerinfo` WHERE ( Email='874847721@qq.com' && UserPwd = 'e10adc3949ba59abbe56e057f20f883e' && DelFlag = 0 )  [ RunTime:0.0005s ]
NOTIC: [8] Undefined index: State G:\MyPHPWeb\TpProject\Application\Book\Home\Controller\UserController.class.php 第 68 行.
INFO: [ app_end ] --START--
INFO: Run Behavior\ShowPageTraceBehavior [ RunTime:0.000971s ]
INFO: [ app_end ] --END-- [ RunTime:0.001039s ]

[ 2016-07-17T16:47:03+08:00 ] 127.0.0.1 /User/orderlist.html
ERR: 非法操作:orderlist

[ 2016-07-17T16:47:11+08:00 ] 127.0.0.1 /User/success.html
ERR: 非法操作:success

