[ 2016-07-24T22:46:57+08:00 ] 127.0.0.1 /User/checkLogin
INFO: [ app_begin ] --START--
INFO: Run Behavior\ReadHtmlCacheBehavior [ RunTime:0.001029s ]
INFO: [ app_begin ] --END-- [ RunTime:0.002013s ]
SQL: SHOW COLUMNS FROM `customerinfo` [ RunTime:0.0158s ]
SQL: SELECT `Email`,`NickName`,`State`,`TrueName` FROM `customerinfo` WHERE ( Email='874847721@qq.com' && UserPwd = '202cb962ac59075b964b07152d234b70' && DelFlag = 0 )  [ RunTime:0.0006s ]
INFO: [ app_end ] --START--
INFO: Run Behavior\ShowPageTraceBehavior [ RunTime:0.001119s ]
INFO: [ app_end ] --END-- [ RunTime:0.001192s ]

[ 2016-07-24T22:47:01+08:00 ] 127.0.0.1 /User/checkLogin
INFO: [ app_begin ] --START--
INFO: Run Behavior\ReadHtmlCacheBehavior [ RunTime:0.000934s ]
INFO: [ app_begin ] --END-- [ RunTime:0.001906s ]
SQL: SHOW COLUMNS FROM `customerinfo` [ RunTime:0.0089s ]
SQL: SELECT `Email`,`NickName`,`State`,`TrueName` FROM `customerinfo` WHERE ( Email='874847721@qq.com' && UserPwd = 'e10adc3949ba59abbe56e057f20f883e' && DelFlag = 0 )  [ RunTime:0.0006s ]
NOTIC: [8] Undefined index: State G:\MyPHPWeb\TpProject\Application\Book\Home\Controller\UserController.class.php 第 68 行.
INFO: [ app_end ] --START--
INFO: Run Behavior\ShowPageTraceBehavior [ RunTime:0.001045s ]
INFO: [ app_end ] --END-- [ RunTime:0.001113s ]

[ 2016-07-24T22:47:17+08:00 ] 127.0.0.1 /User/orderlist.html
ERR: 非法操作:orderlist

[ 2016-07-24T22:55:28+08:00 ] 127.0.0.1 /User/success.html
ERR: 非法操作:success

[ 2016-07-24T23:09:58+08:00 ] 127.0.0.1 /User/sendEmailCode
INFO: [ app_begin ] --START--
INFO: Run Behavior\ReadHtmlCacheBehavior [ RunTime:0.001021s ]
INFO: [ app_begin ] --END-- [ RunTime:0.001743s ]
NOTIC: [8] Undefined variable: random_code G:\MyPHPWeb\TpProject\Application\Book\Home\Controller\UserController.class.php 第 240 行.
NOTIC: [8192] Function ereg() is deprecated G:\MyPHPWeb\TpProject\Application\Book\Common\Common\Smtp.class.php 第 256 行.
NOTIC: [8192] Function ereg_replace() is deprecated G:\MyPHPWeb\TpProject\Application\Book\Common\Common\Smtp.class.php 第 264 行.
NOTIC: [8192] Function ereg_replace() is deprecated G:\MyPHPWeb\TpProject\Application\Book\Common\Common\Smtp.class.php 第 265 行.
NOTIC: [8192] Function ereg_replace() is deprecated G:\MyPHPWeb\TpProject\Application\Book\Common\Common\Smtp.class.php 第 46 行.
NOTIC: [8192] Function ereg() is deprecated G:\MyPHPWeb\TpProject\Application\Book\Common\Common\Smtp.class.php 第 256 行.
NOTIC: [8192] Function ereg_replace() is deprecated G:\MyPHPWeb\TpProject\Application\Book\Common\Common\Smtp.class.php 第 264 行.
NOTIC: [8192] Function ereg_replace() is deprecated G:\MyPHPWeb\TpProject\Application\Book\Common\Common\Smtp.class.php 第 265 行.
NOTIC: [8192] Function ereg() is deprecated G:\MyPHPWeb\TpProject\Application\Book\Common\Common\Smtp.class.php 第 210 行.
NOTIC: [8192] Function ereg() is deprecated G:\MyPHPWeb\TpProject\Application\Book\Common\Common\Smtp.class.php 第 210 行.
NOTIC: [8192] Function ereg() is deprecated G:\MyPHPWeb\TpProject\Application\Book\Common\Common\Smtp.class.php 第 210 行.
NOTIC: [8192] Function ereg() is deprecated G:\MyPHPWeb\TpProject\Application\Book\Common\Common\Smtp.class.php 第 210 行.
NOTIC: [8192] Function ereg() is deprecated G:\MyPHPWeb\TpProject\Application\Book\Common\Common\Smtp.class.php 第 210 行.
NOTIC: [8192] Function ereg() is deprecated G:\MyPHPWeb\TpProject\Application\Book\Common\Common\Smtp.class.php 第 210 行.
NOTIC: [8192] Function ereg() is deprecated G:\MyPHPWeb\TpProject\Application\Book\Common\Common\Smtp.class.php 第 210 行.
NOTIC: [8192] Function ereg() is deprecated G:\MyPHPWeb\TpProject\Application\Book\Common\Common\Smtp.class.php 第 210 行.
NOTIC: [8192] Function ereg() is deprecated G:\MyPHPWeb\TpProject\Application\Book\Common\Common\Smtp.class.php 第 210 行.
INFO: [ app_end ] --START--
INFO: Run Behavior\ShowPageTraceBehavior [ RunTime:0.001137s ]
INFO: [ app_end ] --END-- [ RunTime:0.001233s ]

[ 2016-07-24T23:10:38+08:00 ] 127.0.0.1 /User/orderlist.html
ERR: 非法操作:orderlist

